{"/app/client/src/utils.ts": {"path":"/app/client/src/utils.ts","statementMap":{"0":{"start":{"line":13,"column":29},"end":{"line":82,"column":2}},"1":{"start":{"line":18,"column":19},"end":{"line":82,"column":2}},"2":{"start":{"line":20,"column":18},"end":{"line":20,"column":52}},"3":{"start":{"line":21,"column":18},"end":{"line":21,"column":52}},"4":{"start":{"line":23,"column":1},"end":{"line":25,"column":2}},"5":{"start":{"line":24,"column":2},"end":{"line":24,"column":75}},"6":{"start":{"line":28,"column":1},"end":{"line":31,"column":3}},"7":{"start":{"line":34,"column":1},"end":{"line":39,"column":2}},"8":{"start":{"line":35,"column":2},"end":{"line":38,"column":4}},"9":{"start":{"line":41,"column":1},"end":{"line":81,"column":2}},"10":{"start":{"line":42,"column":19},"end":{"line":42,"column":44}},"11":{"start":{"line":45,"column":2},"end":{"line":48,"column":3}},"12":{"start":{"line":46,"column":3},"end":{"line":46,"column":44}},"13":{"start":{"line":47,"column":3},"end":{"line":47,"column":10}},"14":{"start":{"line":51,"column":20},"end":{"line":51,"column":62}},"15":{"start":{"line":54,"column":2},"end":{"line":64,"column":3}},"16":{"start":{"line":55,"column":3},"end":{"line":55,"column":32}},"17":{"start":{"line":57,"column":21},"end":{"line":57,"column":42}},"18":{"start":{"line":58,"column":3},"end":{"line":63,"column":4}},"19":{"start":{"line":59,"column":4},"end":{"line":59,"column":33}},"20":{"start":{"line":61,"column":4},"end":{"line":61,"column":65}},"21":{"start":{"line":62,"column":4},"end":{"line":62,"column":11}},"22":{"start":{"line":66,"column":2},"end":{"line":78,"column":3}},"23":{"start":{"line":67,"column":3},"end":{"line":74,"column":4}},"24":{"start":{"line":69,"column":4},"end":{"line":69,"column":22}},"25":{"start":{"line":72,"column":4},"end":{"line":72,"column":31}},"26":{"start":{"line":73,"column":4},"end":{"line":73,"column":22}},"27":{"start":{"line":77,"column":3},"end":{"line":77,"column":72}},"28":{"start":{"line":80,"column":2},"end":{"line":80,"column":23}},"29":{"start":{"line":13,"column":13},"end":{"line":13,"column":29}}},"fnMap":{"0":{"name":"(anonymous_7)","decl":{"start":{"line":13,"column":29},"end":{"line":13,"column":null}},"loc":{"start":{"line":18,"column":19},"end":{"line":82,"column":2}}},"1":{"name":"(anonymous_8)","decl":{"start":{"line":18,"column":19},"end":{"line":18,"column":null}},"loc":{"start":{"line":17,"column":33},"end":{"line":82,"column":1}}}},"branchMap":{"0":{"loc":{"start":{"line":15,"column":1},"end":{"line":15,"column":26}},"type":"default-arg","locations":[{"start":{"line":15,"column":24},"end":{"line":15,"column":26}}]},"1":{"loc":{"start":{"line":23,"column":1},"end":{"line":25,"column":2}},"type":"if","locations":[{"start":{"line":23,"column":1},"end":{"line":25,"column":2}}]},"2":{"loc":{"start":{"line":23,"column":5},"end":{"line":23,"column":27}},"type":"binary-expr","locations":[{"start":{"line":23,"column":5},"end":{"line":23,"column":14}},{"start":{"line":23,"column":18},"end":{"line":23,"column":27}}]},"3":{"loc":{"start":{"line":34,"column":1},"end":{"line":39,"column":2}},"type":"if","locations":[{"start":{"line":34,"column":1},"end":{"line":39,"column":2}}]},"4":{"loc":{"start":{"line":34,"column":5},"end":{"line":34,"column":46}},"type":"binary-expr","locations":[{"start":{"line":34,"column":5},"end":{"line":34,"column":30}},{"start":{"line":34,"column":34},"end":{"line":34,"column":46}}]},"5":{"loc":{"start":{"line":45,"column":2},"end":{"line":48,"column":3}},"type":"if","locations":[{"start":{"line":45,"column":2},"end":{"line":48,"column":3}}]},"6":{"loc":{"start":{"line":46,"column":3},"end":{"line":46,"column":43}},"type":"cond-expr","locations":[{"start":{"line":46,"column":12},"end":{"line":46,"column":15}},{"start":{"line":46,"column":3},"end":{"line":46,"column":43}}]},"7":{"loc":{"start":{"line":46,"column":3},"end":{"line":46,"column":15}},"type":"binary-expr","locations":[{"start":{"line":46,"column":3},"end":{"line":46,"column":15}},{"start":{"line":46,"column":3},"end":{"line":46,"column":15}}]},"8":{"loc":{"start":{"line":54,"column":2},"end":{"line":64,"column":3}},"type":"if","locations":[{"start":{"line":54,"column":2},"end":{"line":64,"column":3}},{"start":{"line":56,"column":9},"end":{"line":64,"column":3}}]},"9":{"loc":{"start":{"line":54,"column":6},"end":{"line":54,"column":47}},"type":"cond-expr","locations":[{"start":{"line":54,"column":17},"end":{"line":54,"column":19}},{"start":{"line":54,"column":6},"end":{"line":54,"column":47}}]},"10":{"loc":{"start":{"line":54,"column":6},"end":{"line":54,"column":19}},"type":"binary-expr","locations":[{"start":{"line":54,"column":6},"end":{"line":54,"column":19}},{"start":{"line":54,"column":6},"end":{"line":54,"column":19}}]},"11":{"loc":{"start":{"line":66,"column":2},"end":{"line":78,"column":3}},"type":"if","locations":[{"start":{"line":66,"column":2},"end":{"line":78,"column":3}},{"start":{"line":75,"column":9},"end":{"line":78,"column":3}}]},"12":{"loc":{"start":{"line":67,"column":3},"end":{"line":74,"column":4}},"type":"if","locations":[{"start":{"line":67,"column":3},"end":{"line":74,"column":4}},{"start":{"line":70,"column":10},"end":{"line":74,"column":4}}]},"13":{"loc":{"start":{"line":67,"column":7},"end":{"line":67,"column":49}},"type":"binary-expr","locations":[{"start":{"line":67,"column":7},"end":{"line":67,"column":19}},{"start":{"line":67,"column":23},"end":{"line":67,"column":49}}]},"14":{"loc":{"start":{"line":69,"column":4},"end":{"line":69,"column":21}},"type":"cond-expr","locations":[{"start":{"line":69,"column":13},"end":{"line":69,"column":16}},{"start":{"line":69,"column":4},"end":{"line":69,"column":21}}]},"15":{"loc":{"start":{"line":69,"column":4},"end":{"line":69,"column":16}},"type":"binary-expr","locations":[{"start":{"line":69,"column":4},"end":{"line":69,"column":16}},{"start":{"line":69,"column":4},"end":{"line":69,"column":16}}]},"16":{"loc":{"start":{"line":73,"column":4},"end":{"line":73,"column":21}},"type":"cond-expr","locations":[{"start":{"line":73,"column":13},"end":{"line":73,"column":16}},{"start":{"line":73,"column":4},"end":{"line":73,"column":21}}]},"17":{"loc":{"start":{"line":73,"column":4},"end":{"line":73,"column":16}},"type":"binary-expr","locations":[{"start":{"line":73,"column":4},"end":{"line":73,"column":16}},{"start":{"line":73,"column":4},"end":{"line":73,"column":16}}]}},"s":{"0":1,"1":4,"2":4,"3":4,"4":4,"5":0,"6":4,"7":4,"8":1,"9":4,"10":4,"11":3,"12":0,"13":0,"14":3,"15":0,"16":0,"17":0,"18":0,"19":0,"20":0,"21":0,"22":0,"23":0,"24":0,"25":0,"26":0,"27":0,"28":4,"29":1},"f":{"0":4,"1":4},"b":{"0":[0],"1":[0],"2":[4,4],"3":[1],"4":[4,1],"5":[0],"6":[0,0],"7":[0,0],"8":[0,0],"9":[0,0],"10":[0,0],"11":[0,0],"12":[0,0],"13":[0,0],"14":[0,0],"15":[0,0],"16":[0,0],"17":[0,0]}}
,"/app/client/src/functions/Evaluator.ts": {"path":"/app/client/src/functions/Evaluator.ts","statementMap":{"0":{"start":{"line":1,"column":0},"end":{"line":1,"column":null}},"1":{"start":{"line":13,"column":10},"end":{"line":13,"column":50}},"2":{"start":{"line":18,"column":4},"end":{"line":20,"column":5}},"3":{"start":{"line":19,"column":6},"end":{"line":19,"column":43}},"4":{"start":{"line":22,"column":4},"end":{"line":22,"column":30}},"5":{"start":{"line":26,"column":4},"end":{"line":26,"column":27}},"6":{"start":{"line":30,"column":4},"end":{"line":49,"column":5}},"7":{"start":{"line":31,"column":6},"end":{"line":31,"column":35}},"8":{"start":{"line":32,"column":11},"end":{"line":49,"column":5}},"9":{"start":{"line":33,"column":6},"end":{"line":33,"column":24}},"10":{"start":{"line":34,"column":11},"end":{"line":49,"column":5}},"11":{"start":{"line":35,"column":6},"end":{"line":35,"column":42}},"12":{"start":{"line":36,"column":11},"end":{"line":49,"column":5}},"13":{"start":{"line":37,"column":19},"end":{"line":37,"column":43}},"14":{"start":{"line":38,"column":20},"end":{"line":38,"column":45}},"15":{"start":{"line":39,"column":21},"end":{"line":39,"column":55}},"16":{"start":{"line":40,"column":6},"end":{"line":40,"column":69}},"17":{"start":{"line":41,"column":11},"end":{"line":49,"column":5}},"18":{"start":{"line":42,"column":19},"end":{"line":42,"column":77}},"19":{"start":{"line":42,"column":58},"end":{"line":42,"column":76}},"20":{"start":{"line":43,"column":21},"end":{"line":43,"column":52}},"21":{"start":{"line":44,"column":6},"end":{"line":44,"column":69}},"22":{"start":{"line":45,"column":11},"end":{"line":49,"column":5}},"23":{"start":{"line":46,"column":6},"end":{"line":46,"column":38}},"24":{"start":{"line":48,"column":6},"end":{"line":48,"column":52}},"25":{"start":{"line":53,"column":4},"end":{"line":77,"column":5}},"26":{"start":{"line":55,"column":8},"end":{"line":55,"column":58}},"27":{"start":{"line":57,"column":8},"end":{"line":57,"column":58}},"28":{"start":{"line":59,"column":8},"end":{"line":59,"column":58}},"29":{"start":{"line":61,"column":8},"end":{"line":61,"column":76}},"30":{"start":{"line":61,"column":40},"end":{"line":61,"column":76}},"31":{"start":{"line":62,"column":8},"end":{"line":62,"column":58}},"32":{"start":{"line":64,"column":8},"end":{"line":64,"column":66}},"33":{"start":{"line":66,"column":8},"end":{"line":66,"column":66}},"34":{"start":{"line":68,"column":8},"end":{"line":68,"column":38}},"35":{"start":{"line":70,"column":8},"end":{"line":70,"column":38}},"36":{"start":{"line":72,"column":8},"end":{"line":72,"column":74}},"37":{"start":{"line":74,"column":8},"end":{"line":74,"column":74}},"38":{"start":{"line":76,"column":8},"end":{"line":76,"column":51}},"39":{"start":{"line":81,"column":16},"end":{"line":81,"column":33}},"40":{"start":{"line":82,"column":4},"end":{"line":86,"column":5}},"41":{"start":{"line":83,"column":6},"end":{"line":83,"column":17}},"42":{"start":{"line":85,"column":6},"end":{"line":85,"column":73}},"43":{"start":{"line":90,"column":22},"end":{"line":92,"column":5}},"44":{"start":{"line":91,"column":6},"end":{"line":91,"column":51}},"45":{"start":{"line":91,"column":31},"end":{"line":91,"column":49}},"46":{"start":{"line":94,"column":4},"end":{"line":114,"column":5}},"47":{"start":{"line":96,"column":8},"end":{"line":98,"column":35}},"48":{"start":{"line":100,"column":8},"end":{"line":100,"column":41}},"49":{"start":{"line":102,"column":8},"end":{"line":102,"column":44}},"50":{"start":{"line":104,"column":8},"end":{"line":104,"column":44}},"51":{"start":{"line":106,"column":8},"end":{"line":106,"column":45}},"52":{"start":{"line":108,"column":8},"end":{"line":108,"column":29}},"53":{"start":{"line":110,"column":8},"end":{"line":110,"column":29}},"54":{"start":{"line":111,"column":8},"end":{"line":111,"column":23}},"55":{"start":{"line":113,"column":8},"end":{"line":113,"column":53}},"56":{"start":{"line":118,"column":4},"end":{"line":118,"column":51}},"57":{"start":{"line":118,"column":37},"end":{"line":118,"column":46}},"58":{"start":{"line":122,"column":4},"end":{"line":122,"column":40}},"59":{"start":{"line":126,"column":0},"end":{"line":126,"column":25}}},"fnMap":{"0":{"name":"(anonymous_0)","decl":{"start":{"line":15,"column":2},"end":{"line":15,"column":17}},"loc":{"start":{"line":15,"column":2},"end":{"line":15,"column":18}}},"1":{"name":"(anonymous_1)","decl":{"start":{"line":17,"column":9},"end":{"line":17,"column":15}},"loc":{"start":{"line":17,"column":27},"end":{"line":23,"column":3}}},"2":{"name":"(anonymous_2)","decl":{"start":{"line":25,"column":9},"end":{"line":25,"column":19}},"loc":{"start":{"line":25,"column":54},"end":{"line":27,"column":3}}},"3":{"name":"(anonymous_3)","decl":{"start":{"line":29,"column":2},"end":{"line":29,"column":10}},"loc":{"start":{"line":29,"column":31},"end":{"line":50,"column":3}}},"4":{"name":"(anonymous_4)","decl":{"start":{"line":42,"column":33},"end":{"line":42,"column":34}},"loc":{"start":{"line":42,"column":58},"end":{"line":42,"column":76}}},"5":{"name":"(anonymous_5)","decl":{"start":{"line":52,"column":10},"end":{"line":52,"column":17}},"loc":{"start":{"line":52,"column":57},"end":{"line":78,"column":3}}},"6":{"name":"(anonymous_6)","decl":{"start":{"line":80,"column":10},"end":{"line":80,"column":18}},"loc":{"start":{"line":80,"column":32},"end":{"line":87,"column":3}}},"7":{"name":"(anonymous_7)","decl":{"start":{"line":89,"column":10},"end":{"line":89,"column":19}},"loc":{"start":{"line":89,"column":48},"end":{"line":115,"column":3}}},"8":{"name":"(anonymous_8)","decl":{"start":{"line":90,"column":22},"end":{"line":90,"column":23}},"loc":{"start":{"line":90,"column":51},"end":{"line":92,"column":5}}},"9":{"name":"(anonymous_9)","decl":{"start":{"line":91,"column":22},"end":{"line":91,"column":23}},"loc":{"start":{"line":91,"column":31},"end":{"line":91,"column":49}}},"10":{"name":"(anonymous_10)","decl":{"start":{"line":117,"column":10},"end":{"line":117,"column":13}},"loc":{"start":{"line":117,"column":28},"end":{"line":119,"column":3}}},"11":{"name":"(anonymous_11)","decl":{"start":{"line":118,"column":23},"end":{"line":118,"column":24}},"loc":{"start":{"line":118,"column":37},"end":{"line":118,"column":46}}},"12":{"name":"(anonymous_12)","decl":{"start":{"line":121,"column":10},"end":{"line":121,"column":17}},"loc":{"start":{"line":121,"column":32},"end":{"line":123,"column":3}}}},"branchMap":{"0":{"loc":{"start":{"line":18,"column":4},"end":{"line":20,"column":5}},"type":"if","locations":[{"start":{"line":18,"column":4},"end":{"line":20,"column":5}}]},"1":{"loc":{"start":{"line":30,"column":4},"end":{"line":49,"column":5}},"type":"if","locations":[{"start":{"line":30,"column":4},"end":{"line":49,"column":5}},{"start":{"line":32,"column":11},"end":{"line":49,"column":5}}]},"2":{"loc":{"start":{"line":32,"column":11},"end":{"line":49,"column":5}},"type":"if","locations":[{"start":{"line":32,"column":11},"end":{"line":49,"column":5}},{"start":{"line":34,"column":11},"end":{"line":49,"column":5}}]},"3":{"loc":{"start":{"line":34,"column":11},"end":{"line":49,"column":5}},"type":"if","locations":[{"start":{"line":34,"column":11},"end":{"line":49,"column":5}},{"start":{"line":36,"column":11},"end":{"line":49,"column":5}}]},"4":{"loc":{"start":{"line":35,"column":13},"end":{"line":35,"column":41}},"type":"cond-expr","locations":[{"start":{"line":35,"column":35},"end":{"line":35,"column":39}},{"start":{"line":35,"column":39},"end":{"line":35,"column":41}}]},"5":{"loc":{"start":{"line":35,"column":13},"end":{"line":35,"column":39}},"type":"binary-expr","locations":[{"start":{"line":35,"column":13},"end":{"line":35,"column":39}},{"start":{"line":35,"column":35},"end":{"line":35,"column":39}}]},"6":{"loc":{"start":{"line":36,"column":11},"end":{"line":49,"column":5}},"type":"if","locations":[{"start":{"line":36,"column":11},"end":{"line":49,"column":5}},{"start":{"line":41,"column":11},"end":{"line":49,"column":5}}]},"7":{"loc":{"start":{"line":40,"column":13},"end":{"line":40,"column":68}},"type":"cond-expr","locations":[{"start":{"line":40,"column":42},"end":{"line":40,"column":59}},{"start":{"line":40,"column":62},"end":{"line":40,"column":68}}]},"8":{"loc":{"start":{"line":41,"column":11},"end":{"line":49,"column":5}},"type":"if","locations":[{"start":{"line":41,"column":11},"end":{"line":49,"column":5}},{"start":{"line":45,"column":11},"end":{"line":49,"column":5}}]},"9":{"loc":{"start":{"line":44,"column":13},"end":{"line":44,"column":68}},"type":"cond-expr","locations":[{"start":{"line":44,"column":42},"end":{"line":44,"column":59}},{"start":{"line":44,"column":62},"end":{"line":44,"column":68}}]},"10":{"loc":{"start":{"line":45,"column":11},"end":{"line":49,"column":5}},"type":"if","locations":[{"start":{"line":45,"column":11},"end":{"line":49,"column":5}},{"start":{"line":47,"column":11},"end":{"line":49,"column":5}}]},"11":{"loc":{"start":{"line":53,"column":4},"end":{"line":77,"column":5}},"type":"switch","locations":[{"start":{"line":54,"column":6},"end":{"line":55,"column":58}},{"start":{"line":56,"column":6},"end":{"line":57,"column":58}},{"start":{"line":58,"column":6},"end":{"line":59,"column":58}},{"start":{"line":60,"column":6},"end":{"line":62,"column":58}},{"start":{"line":63,"column":6},"end":{"line":64,"column":66}},{"start":{"line":65,"column":6},"end":{"line":66,"column":66}},{"start":{"line":67,"column":6},"end":{"line":68,"column":38}},{"start":{"line":69,"column":6},"end":{"line":70,"column":38}},{"start":{"line":71,"column":6},"end":{"line":72,"column":74}},{"start":{"line":73,"column":6},"end":{"line":74,"column":74}},{"start":{"line":75,"column":6},"end":{"line":76,"column":51}}]},"12":{"loc":{"start":{"line":61,"column":8},"end":{"line":61,"column":76}},"type":"if","locations":[{"start":{"line":61,"column":8},"end":{"line":61,"column":76}}]},"13":{"loc":{"start":{"line":64,"column":15},"end":{"line":64,"column":65}},"type":"cond-expr","locations":[{"start":{"line":64,"column":60},"end":{"line":64,"column":61}},{"start":{"line":64,"column":64},"end":{"line":64,"column":65}}]},"14":{"loc":{"start":{"line":66,"column":15},"end":{"line":66,"column":65}},"type":"cond-expr","locations":[{"start":{"line":66,"column":60},"end":{"line":66,"column":61}},{"start":{"line":66,"column":64},"end":{"line":66,"column":65}}]},"15":{"loc":{"start":{"line":68,"column":15},"end":{"line":68,"column":37}},"type":"cond-expr","locations":[{"start":{"line":68,"column":32},"end":{"line":68,"column":33}},{"start":{"line":68,"column":36},"end":{"line":68,"column":37}}]},"16":{"loc":{"start":{"line":70,"column":15},"end":{"line":70,"column":37}},"type":"cond-expr","locations":[{"start":{"line":70,"column":32},"end":{"line":70,"column":33}},{"start":{"line":70,"column":36},"end":{"line":70,"column":37}}]},"17":{"loc":{"start":{"line":72,"column":15},"end":{"line":72,"column":73}},"type":"cond-expr","locations":[{"start":{"line":72,"column":68},"end":{"line":72,"column":69}},{"start":{"line":72,"column":72},"end":{"line":72,"column":73}}]},"18":{"loc":{"start":{"line":74,"column":15},"end":{"line":74,"column":73}},"type":"cond-expr","locations":[{"start":{"line":74,"column":68},"end":{"line":74,"column":69}},{"start":{"line":74,"column":72},"end":{"line":74,"column":73}}]},"19":{"loc":{"start":{"line":82,"column":4},"end":{"line":86,"column":5}},"type":"if","locations":[{"start":{"line":82,"column":4},"end":{"line":86,"column":5}},{"start":{"line":84,"column":11},"end":{"line":86,"column":5}}]},"20":{"loc":{"start":{"line":94,"column":4},"end":{"line":114,"column":5}},"type":"switch","locations":[{"start":{"line":95,"column":6},"end":{"line":98,"column":35}},{"start":{"line":99,"column":6},"end":{"line":100,"column":41}},{"start":{"line":101,"column":6},"end":{"line":102,"column":44}},{"start":{"line":103,"column":6},"end":{"line":104,"column":44}},{"start":{"line":105,"column":6},"end":{"line":106,"column":45}},{"start":{"line":107,"column":6},"end":{"line":108,"column":29}},{"start":{"line":109,"column":6},"end":{"line":111,"column":23}},{"start":{"line":112,"column":6},"end":{"line":113,"column":53}}]},"21":{"loc":{"start":{"line":96,"column":15},"end":{"line":98,"column":34}},"type":"cond-expr","locations":[{"start":{"line":97,"column":12},"end":{"line":97,"column":34}},{"start":{"line":98,"column":12},"end":{"line":98,"column":34}}]}},"s":{"0":1,"1":1,"2":1,"3":1,"4":1,"5":0,"6":4,"7":3,"8":1,"9":0,"10":1,"11":0,"12":1,"13":0,"14":0,"15":0,"16":0,"17":1,"18":1,"19":3,"20":1,"21":1,"22":0,"23":0,"24":0,"25":0,"26":0,"27":0,"28":0,"29":0,"30":0,"31":0,"32":0,"33":0,"34":0,"35":0,"36":0,"37":0,"38":0,"39":2,"40":2,"41":2,"42":0,"43":1,"44":0,"45":0,"46":1,"47":1,"48":0,"49":0,"50":0,"51":0,"52":0,"53":0,"54":0,"55":0,"56":0,"57":0,"58":0,"59":1},"f":{"0":1,"1":1,"2":0,"3":4,"4":3,"5":0,"6":2,"7":1,"8":0,"9":0,"10":0,"11":0,"12":0},"b":{"0":[1],"1":[3,1],"2":[0,1],"3":[0,1],"4":[0,0],"5":[0,0],"6":[0,1],"7":[0,0],"8":[1,0],"9":[1,0],"10":[0,0],"11":[0,0,0,0,0,0,0,0,0,0,0],"12":[0],"13":[0,0],"14":[0,0],"15":[0,0],"16":[0,0],"17":[0,0],"18":[0,0],"19":[2,0],"20":[1,0,0,0,0,0,0,0],"21":[1,0]}}
,"/app/client/src/functions/Nodes.ts": {"path":"/app/client/src/functions/Nodes.ts","statementMap":{"0":{"start":{"line":4,"column":21},"end":{"line":4,"column":34}},"1":{"start":{"line":28,"column":2},"end":{"line":28,"column":12}},"2":{"start":{"line":8,"column":21},"end":{"line":8,"column":34}},"3":{"start":{"line":29,"column":2},"end":{"line":29,"column":12}},"4":{"start":{"line":12,"column":21},"end":{"line":12,"column":32}},"5":{"start":{"line":30,"column":2},"end":{"line":30,"column":15}},"6":{"start":{"line":16,"column":21},"end":{"line":16,"column":31}},"7":{"start":{"line":16,"column":40},"end":{"line":16,"column":50}},"8":{"start":{"line":16,"column":59},"end":{"line":16,"column":70}},"9":{"start":{"line":31,"column":2},"end":{"line":31,"column":15}},"10":{"start":{"line":20,"column":21},"end":{"line":20,"column":33}},"11":{"start":{"line":20,"column":42},"end":{"line":20,"column":54}},"12":{"start":{"line":32,"column":2},"end":{"line":32,"column":18}},"13":{"start":{"line":24,"column":21},"end":{"line":24,"column":31}},"14":{"start":{"line":33,"column":2},"end":{"line":33,"column":13}}},"fnMap":{"0":{"name":"(anonymous_0)","decl":{"start":{"line":4,"column":2},"end":{"line":4,"column":21}},"loc":{"start":{"line":4,"column":34},"end":{"line":4,"column":38}}},"1":{"name":"(anonymous_1)","decl":{"start":{"line":8,"column":2},"end":{"line":8,"column":21}},"loc":{"start":{"line":8,"column":34},"end":{"line":8,"column":38}}},"2":{"name":"(anonymous_2)","decl":{"start":{"line":12,"column":2},"end":{"line":12,"column":21}},"loc":{"start":{"line":12,"column":32},"end":{"line":12,"column":36}}},"3":{"name":"(anonymous_3)","decl":{"start":{"line":16,"column":2},"end":{"line":16,"column":21}},"loc":{"start":{"line":16,"column":70},"end":{"line":16,"column":74}}},"4":{"name":"(anonymous_4)","decl":{"start":{"line":20,"column":2},"end":{"line":20,"column":21}},"loc":{"start":{"line":20,"column":54},"end":{"line":20,"column":58}}},"5":{"name":"(anonymous_5)","decl":{"start":{"line":24,"column":2},"end":{"line":24,"column":21}},"loc":{"start":{"line":24,"column":31},"end":{"line":24,"column":35}}}},"branchMap":{},"s":{"0":16,"1":2,"2":0,"3":2,"4":0,"5":2,"6":0,"7":0,"8":0,"9":2,"10":6,"11":6,"12":2,"13":0,"14":2},"f":{"0":16,"1":0,"2":0,"3":0,"4":6,"5":0},"b":{}}
,"/app/client/src/functions/Parser.ts": {"path":"/app/client/src/functions/Parser.ts","statementMap":{"0":{"start":{"line":1,"column":0},"end":{"line":1,"column":null}},"1":{"start":{"line":10,"column":0},"end":{"line":10,"column":36}},"2":{"start":{"line":22,"column":4},"end":{"line":22,"column":19}},"3":{"start":{"line":23,"column":4},"end":{"line":23,"column":21}},"4":{"start":{"line":28,"column":4},"end":{"line":30,"column":5}},"5":{"start":{"line":29,"column":6},"end":{"line":29,"column":37}},"6":{"start":{"line":31,"column":4},"end":{"line":31,"column":27}},"7":{"start":{"line":41,"column":4},"end":{"line":41,"column":19}},"8":{"start":{"line":42,"column":4},"end":{"line":42,"column":60}},"9":{"start":{"line":43,"column":4},"end":{"line":45,"column":5}},"10":{"start":{"line":44,"column":6},"end":{"line":44,"column":37}},"11":{"start":{"line":47,"column":6},"end":{"line":49,"column":26}},"12":{"start":{"line":50,"column":4},"end":{"line":50,"column":70}},"13":{"start":{"line":51,"column":4},"end":{"line":51,"column":22}},"14":{"start":{"line":55,"column":4},"end":{"line":55,"column":22}},"15":{"start":{"line":56,"column":4},"end":{"line":56,"column":51}},"16":{"start":{"line":60,"column":4},"end":{"line":66,"column":5}},"17":{"start":{"line":61,"column":6},"end":{"line":61,"column":19}},"18":{"start":{"line":63,"column":6},"end":{"line":65,"column":8}},"19":{"start":{"line":70,"column":18},"end":{"line":70,"column":41}},"20":{"start":{"line":71,"column":4},"end":{"line":88,"column":5}},"21":{"start":{"line":72,"column":6},"end":{"line":72,"column":34}},"22":{"start":{"line":73,"column":11},"end":{"line":88,"column":5}},"23":{"start":{"line":74,"column":6},"end":{"line":74,"column":19}},"24":{"start":{"line":75,"column":6},"end":{"line":75,"column":47}},"25":{"start":{"line":76,"column":11},"end":{"line":88,"column":5}},"26":{"start":{"line":77,"column":6},"end":{"line":77,"column":19}},"27":{"start":{"line":78,"column":6},"end":{"line":78,"column":38}},"28":{"start":{"line":79,"column":11},"end":{"line":88,"column":5}},"29":{"start":{"line":80,"column":6},"end":{"line":80,"column":42}},"30":{"start":{"line":81,"column":11},"end":{"line":88,"column":5}},"31":{"start":{"line":82,"column":6},"end":{"line":82,"column":37}},"32":{"start":{"line":83,"column":11},"end":{"line":88,"column":5}},"33":{"start":{"line":84,"column":6},"end":{"line":84,"column":19}},"34":{"start":{"line":85,"column":6},"end":{"line":85,"column":35}},"35":{"start":{"line":87,"column":6},"end":{"line":87,"column":52}},"36":{"start":{"line":92,"column":15},"end":{"line":92,"column":31}},"37":{"start":{"line":93,"column":4},"end":{"line":101,"column":5}},"38":{"start":{"line":97,"column":23},"end":{"line":97,"column":46}},"39":{"start":{"line":98,"column":6},"end":{"line":98,"column":19}},"40":{"start":{"line":99,"column":24},"end":{"line":99,"column":40}},"41":{"start":{"line":100,"column":6},"end":{"line":100,"column":58}},"42":{"start":{"line":102,"column":4},"end":{"line":102,"column":16}},"43":{"start":{"line":106,"column":4},"end":{"line":106,"column":22}},"44":{"start":{"line":107,"column":39},"end":{"line":107,"column":61}},"45":{"start":{"line":108,"column":4},"end":{"line":108,"column":22}},"46":{"start":{"line":109,"column":4},"end":{"line":109,"column":22}},"47":{"start":{"line":113,"column":17},"end":{"line":113,"column":40}},"48":{"start":{"line":114,"column":4},"end":{"line":114,"column":22}},"49":{"start":{"line":115,"column":4},"end":{"line":115,"column":38}},"50":{"start":{"line":116,"column":4},"end":{"line":116,"column":17}},"51":{"start":{"line":117,"column":4},"end":{"line":117,"column":46}},"52":{"start":{"line":121,"column":17},"end":{"line":121,"column":58}},"53":{"start":{"line":122,"column":4},"end":{"line":122,"column":17}},"54":{"start":{"line":123,"column":4},"end":{"line":123,"column":22}},"55":{"start":{"line":124,"column":17},"end":{"line":124,"column":19}},"56":{"start":{"line":125,"column":4},"end":{"line":130,"column":5}},"57":{"start":{"line":126,"column":6},"end":{"line":126,"column":40}},"58":{"start":{"line":127,"column":6},"end":{"line":129,"column":7}},"59":{"start":{"line":128,"column":8},"end":{"line":128,"column":21}},"60":{"start":{"line":131,"column":4},"end":{"line":131,"column":22}},"61":{"start":{"line":132,"column":4},"end":{"line":132,"column":44}},"62":{"start":{"line":136,"column":4},"end":{"line":136,"column":41}},"63":{"start":{"line":140,"column":4},"end":{"line":140,"column":37}},"64":{"start":{"line":144,"column":4},"end":{"line":144,"column":39}},"65":{"start":{"line":148,"column":4},"end":{"line":148,"column":42}},"66":{"start":{"line":152,"column":4},"end":{"line":152,"column":62}},"67":{"start":{"line":156,"column":0},"end":{"line":156,"column":22}}},"fnMap":{"0":{"name":"(anonymous_1)","decl":{"start":{"line":21,"column":2},"end":{"line":21,"column":null}},"loc":{"start":{"line":21,"column":2},"end":{"line":24,"column":3}}},"1":{"name":"(anonymous_2)","decl":{"start":{"line":27,"column":9},"end":{"line":27,"column":15}},"loc":{"start":{"line":27,"column":27},"end":{"line":32,"column":3}}},"2":{"name":"(anonymous_3)","decl":{"start":{"line":40,"column":2},"end":{"line":40,"column":7}},"loc":{"start":{"line":40,"column":23},"end":{"line":52,"column":3}}},"3":{"name":"(anonymous_4)","decl":{"start":{"line":54,"column":10},"end":{"line":54,"column":22}},"loc":{"start":{"line":54,"column":22},"end":{"line":57,"column":3}}},"4":{"name":"(anonymous_5)","decl":{"start":{"line":59,"column":10},"end":{"line":59,"column":17}},"loc":{"start":{"line":59,"column":34},"end":{"line":67,"column":3}}},"5":{"name":"(anonymous_6)","decl":{"start":{"line":69,"column":10},"end":{"line":69,"column":19}},"loc":{"start":{"line":69,"column":19},"end":{"line":89,"column":3}}},"6":{"name":"(anonymous_7)","decl":{"start":{"line":91,"column":10},"end":{"line":91,"column":25}},"loc":{"start":{"line":91,"column":25},"end":{"line":103,"column":3}}},"7":{"name":"(anonymous_8)","decl":{"start":{"line":105,"column":10},"end":{"line":105,"column":31}},"loc":{"start":{"line":105,"column":31},"end":{"line":110,"column":3}}},"8":{"name":"(anonymous_9)","decl":{"start":{"line":112,"column":10},"end":{"line":112,"column":26}},"loc":{"start":{"line":112,"column":26},"end":{"line":118,"column":3}}},"9":{"name":"(anonymous_10)","decl":{"start":{"line":120,"column":10},"end":{"line":120,"column":23}},"loc":{"start":{"line":120,"column":23},"end":{"line":133,"column":3}}},"10":{"name":"(anonymous_11)","decl":{"start":{"line":135,"column":10},"end":{"line":135,"column":18}},"loc":{"start":{"line":135,"column":32},"end":{"line":137,"column":3}}},"11":{"name":"(anonymous_12)","decl":{"start":{"line":139,"column":10},"end":{"line":139,"column":18}},"loc":{"start":{"line":139,"column":32},"end":{"line":141,"column":3}}},"12":{"name":"(anonymous_13)","decl":{"start":{"line":143,"column":10},"end":{"line":143,"column":21}},"loc":{"start":{"line":143,"column":35},"end":{"line":145,"column":3}}},"13":{"name":"(anonymous_14)","decl":{"start":{"line":147,"column":10},"end":{"line":147,"column":20}},"loc":{"start":{"line":147,"column":34},"end":{"line":149,"column":3}}},"14":{"name":"(anonymous_15)","decl":{"start":{"line":151,"column":10},"end":{"line":151,"column":20}},"loc":{"start":{"line":151,"column":34},"end":{"line":153,"column":3}}}},"branchMap":{"0":{"loc":{"start":{"line":28,"column":4},"end":{"line":30,"column":5}},"type":"if","locations":[{"start":{"line":28,"column":4},"end":{"line":30,"column":5}}]},"1":{"loc":{"start":{"line":47,"column":6},"end":{"line":49,"column":26}},"type":"cond-expr","locations":[{"start":{"line":48,"column":10},"end":{"line":48,"column":29}},{"start":{"line":49,"column":10},"end":{"line":49,"column":26}}]},"2":{"loc":{"start":{"line":47,"column":6},"end":{"line":47,"column":54}},"type":"binary-expr","locations":[{"start":{"line":47,"column":6},"end":{"line":47,"column":28}},{"start":{"line":47,"column":32},"end":{"line":47,"column":54}}]},"3":{"loc":{"start":{"line":60,"column":4},"end":{"line":66,"column":5}},"type":"if","locations":[{"start":{"line":60,"column":4},"end":{"line":66,"column":5}},{"start":{"line":62,"column":11},"end":{"line":66,"column":5}}]},"4":{"loc":{"start":{"line":71,"column":4},"end":{"line":88,"column":5}},"type":"if","locations":[{"start":{"line":71,"column":4},"end":{"line":88,"column":5}},{"start":{"line":73,"column":11},"end":{"line":88,"column":5}}]},"5":{"loc":{"start":{"line":73,"column":11},"end":{"line":88,"column":5}},"type":"if","locations":[{"start":{"line":73,"column":11},"end":{"line":88,"column":5}},{"start":{"line":76,"column":11},"end":{"line":88,"column":5}}]},"6":{"loc":{"start":{"line":76,"column":11},"end":{"line":88,"column":5}},"type":"if","locations":[{"start":{"line":76,"column":11},"end":{"line":88,"column":5}},{"start":{"line":79,"column":11},"end":{"line":88,"column":5}}]},"7":{"loc":{"start":{"line":79,"column":11},"end":{"line":88,"column":5}},"type":"if","locations":[{"start":{"line":79,"column":11},"end":{"line":88,"column":5}},{"start":{"line":81,"column":11},"end":{"line":88,"column":5}}]},"8":{"loc":{"start":{"line":81,"column":11},"end":{"line":88,"column":5}},"type":"if","locations":[{"start":{"line":81,"column":11},"end":{"line":88,"column":5}},{"start":{"line":83,"column":11},"end":{"line":88,"column":5}}]},"9":{"loc":{"start":{"line":83,"column":11},"end":{"line":88,"column":5}},"type":"if","locations":[{"start":{"line":83,"column":11},"end":{"line":88,"column":5}},{"start":{"line":86,"column":11},"end":{"line":88,"column":5}}]},"10":{"loc":{"start":{"line":94,"column":6},"end":{"line":95,"column":46}},"type":"binary-expr","locations":[{"start":{"line":94,"column":6},"end":{"line":94,"column":37}},{"start":{"line":95,"column":6},"end":{"line":95,"column":46}}]},"11":{"loc":{"start":{"line":127,"column":6},"end":{"line":129,"column":7}},"type":"if","locations":[{"start":{"line":127,"column":6},"end":{"line":129,"column":7}}]}},"s":{"0":2,"1":2,"2":2,"3":2,"4":6,"5":2,"6":6,"7":3,"8":3,"9":3,"10":22,"11":3,"12":3,"13":3,"14":0,"15":0,"16":6,"17":6,"18":0,"19":11,"20":11,"21":3,"22":8,"23":8,"24":8,"25":0,"26":0,"27":0,"28":0,"29":0,"30":0,"31":0,"32":0,"33":0,"34":0,"35":0,"36":8,"37":8,"38":0,"39":0,"40":0,"41":0,"42":8,"43":0,"44":0,"45":0,"46":0,"47":0,"48":0,"49":0,"50":0,"51":0,"52":3,"53":3,"54":3,"55":3,"56":3,"57":8,"58":8,"59":5,"60":3,"61":3,"62":8,"63":0,"64":0,"65":8,"66":11,"67":2},"f":{"0":2,"1":6,"2":3,"3":0,"4":6,"5":11,"6":8,"7":0,"8":0,"9":3,"10":8,"11":0,"12":0,"13":8,"14":11},"b":{"0":[2],"1":[0,3],"2":[3,3],"3":[6,0],"4":[3,8],"5":[8,0],"6":[0,0],"7":[0,0],"8":[0,0],"9":[0,0],"10":[8,8],"11":[5]}}
,"/app/client/src/functions/Tokenizer.ts": {"path":"/app/client/src/functions/Tokenizer.ts","statementMap":{"0":{"start":{"line":27,"column":4},"end":{"line":29,"column":5}},"1":{"start":{"line":28,"column":6},"end":{"line":28,"column":43}},"2":{"start":{"line":30,"column":4},"end":{"line":30,"column":30}},"3":{"start":{"line":35,"column":4},"end":{"line":35,"column":19}},"4":{"start":{"line":36,"column":4},"end":{"line":36,"column":22}},"5":{"start":{"line":47,"column":4},"end":{"line":47,"column":19}},"6":{"start":{"line":48,"column":4},"end":{"line":48,"column":27}},"7":{"start":{"line":49,"column":29},"end":{"line":49,"column":31}},"8":{"start":{"line":50,"column":31},"end":{"line":50,"column":32}},"9":{"start":{"line":52,"column":4},"end":{"line":69,"column":5}},"10":{"start":{"line":53,"column":20},"end":{"line":53,"column":36}},"11":{"start":{"line":54,"column":6},"end":{"line":68,"column":7}},"12":{"start":{"line":55,"column":8},"end":{"line":55,"column":27}},"13":{"start":{"line":56,"column":8},"end":{"line":63,"column":9}},"14":{"start":{"line":57,"column":10},"end":{"line":57,"column":33}},"15":{"start":{"line":58,"column":15},"end":{"line":63,"column":9}},"16":{"start":{"line":59,"column":10},"end":{"line":59,"column":33}},"17":{"start":{"line":60,"column":10},"end":{"line":62,"column":11}},"18":{"start":{"line":61,"column":12},"end":{"line":61,"column":61}},"19":{"start":{"line":65,"column":8},"end":{"line":67,"column":10}},"20":{"start":{"line":70,"column":4},"end":{"line":72,"column":5}},"21":{"start":{"line":71,"column":6},"end":{"line":71,"column":55}},"22":{"start":{"line":74,"column":4},"end":{"line":74,"column":18}},"23":{"start":{"line":84,"column":19},"end":{"line":84,"column":53}},"24":{"start":{"line":85,"column":4},"end":{"line":95,"column":5}},"25":{"start":{"line":86,"column":20},"end":{"line":86,"column":38}},"26":{"start":{"line":87,"column":6},"end":{"line":94,"column":7}},"27":{"start":{"line":88,"column":8},"end":{"line":88,"column":38}},"28":{"start":{"line":89,"column":8},"end":{"line":93,"column":9}},"29":{"start":{"line":90,"column":10},"end":{"line":90,"column":26}},"30":{"start":{"line":92,"column":10},"end":{"line":92,"column":34}},"31":{"start":{"line":96,"column":4},"end":{"line":96,"column":16}},"32":{"start":{"line":8,"column":17},"end":{"line":19,"column":4}},"33":{"start":{"line":100,"column":0},"end":{"line":100,"column":25}}},"fnMap":{"0":{"name":"(anonymous_0)","decl":{"start":{"line":26,"column":9},"end":{"line":26,"column":15}},"loc":{"start":{"line":26,"column":27},"end":{"line":31,"column":3}}},"1":{"name":"(anonymous_1)","decl":{"start":{"line":34,"column":2},"end":{"line":34,"column":null}},"loc":{"start":{"line":34,"column":2},"end":{"line":37,"column":3}}},"2":{"name":"(anonymous_2)","decl":{"start":{"line":46,"column":2},"end":{"line":46,"column":10}},"loc":{"start":{"line":46,"column":26},"end":{"line":75,"column":3}}},"3":{"name":"(anonymous_3)","decl":{"start":{"line":83,"column":12},"end":{"line":83,"column":21}},"loc":{"start":{"line":83,"column":21},"end":{"line":97,"column":3}}}},"branchMap":{"0":{"loc":{"start":{"line":27,"column":4},"end":{"line":29,"column":5}},"type":"if","locations":[{"start":{"line":27,"column":4},"end":{"line":29,"column":5}}]},"1":{"loc":{"start":{"line":54,"column":6},"end":{"line":68,"column":7}},"type":"if","locations":[{"start":{"line":54,"column":6},"end":{"line":68,"column":7}},{"start":{"line":64,"column":13},"end":{"line":68,"column":7}}]},"2":{"loc":{"start":{"line":56,"column":8},"end":{"line":63,"column":9}},"type":"if","locations":[{"start":{"line":56,"column":8},"end":{"line":63,"column":9}},{"start":{"line":58,"column":15},"end":{"line":63,"column":9}}]},"3":{"loc":{"start":{"line":58,"column":15},"end":{"line":63,"column":9}},"type":"if","locations":[{"start":{"line":58,"column":15},"end":{"line":63,"column":9}}]},"4":{"loc":{"start":{"line":60,"column":10},"end":{"line":62,"column":11}},"type":"if","locations":[{"start":{"line":60,"column":10},"end":{"line":62,"column":11}}]},"5":{"loc":{"start":{"line":70,"column":4},"end":{"line":72,"column":5}},"type":"if","locations":[{"start":{"line":70,"column":4},"end":{"line":72,"column":5}}]},"6":{"loc":{"start":{"line":87,"column":6},"end":{"line":94,"column":7}},"type":"if","locations":[{"start":{"line":87,"column":6},"end":{"line":94,"column":7}}]},"7":{"loc":{"start":{"line":89,"column":8},"end":{"line":93,"column":9}},"type":"if","locations":[{"start":{"line":89,"column":8},"end":{"line":93,"column":9}},{"start":{"line":91,"column":15},"end":{"line":93,"column":9}}]}},"s":{"0":57,"1":3,"2":57,"3":4,"4":4,"5":51,"6":51,"7":51,"8":51,"9":51,"10":129,"11":129,"12":128,"13":128,"14":14,"15":114,"16":13,"17":13,"18":1,"19":1,"20":49,"21":2,"22":47,"23":150,"24":150,"25":736,"26":736,"27":148,"28":148,"29":133,"30":15,"31":2,"32":3,"33":3},"f":{"0":57,"1":4,"2":51,"3":150},"b":{"0":[3],"1":[128,1],"2":[14,114],"3":[13],"4":[1],"5":[2],"6":[148],"7":[133,15]}}
,"/app/server/src/app.ts": {"path":"/app/server/src/app.ts","statementMap":{"0":{"start":{"line":1,"column":16},"end":{"line":1,"column":34}},"1":{"start":{"line":2,"column":0},"end":{"line":2,"column":24}},"2":{"start":{"line":4,"column":0},"end":{"line":4,"column":null}},"3":{"start":{"line":16,"column":0},"end":{"line":16,"column":null}},"4":{"start":{"line":27,"column":0},"end":{"line":27,"column":45}},"5":{"start":{"line":29,"column":0},"end":{"line":29,"column":59}},"6":{"start":{"line":30,"column":0},"end":{"line":30,"column":50}},"7":{"start":{"line":34,"column":25},"end":{"line":34,"column":34}},"8":{"start":{"line":37,"column":23},"end":{"line":37,"column":48}},"9":{"start":{"line":39,"column":34},"end":{"line":41,"column":2}},"10":{"start":{"line":43,"column":0},"end":{"line":43,"column":23}},"11":{"start":{"line":44,"column":0},"end":{"line":44,"column":24}},"12":{"start":{"line":59,"column":0},"end":{"line":88,"column":3}},"13":{"start":{"line":59,"column":66},"end":{"line":88,"column":2}},"14":{"start":{"line":60,"column":18},"end":{"line":60,"column":48}},"15":{"start":{"line":61,"column":20},"end":{"line":61,"column":45}},"16":{"start":{"line":63,"column":14},"end":{"line":63,"column":51}},"17":{"start":{"line":65,"column":1},"end":{"line":87,"column":2}},"18":{"start":{"line":66,"column":29},"end":{"line":66,"column":56}},"19":{"start":{"line":69,"column":2},"end":{"line":84,"column":3}},"20":{"start":{"line":70,"column":3},"end":{"line":72,"column":5}},"21":{"start":{"line":73,"column":3},"end":{"line":73,"column":71}},"22":{"start":{"line":74,"column":3},"end":{"line":74,"column":36}},"23":{"start":{"line":76,"column":3},"end":{"line":79,"column":4}},"24":{"start":{"line":77,"column":4},"end":{"line":77,"column":41}},"25":{"start":{"line":78,"column":4},"end":{"line":78,"column":11}},"26":{"start":{"line":81,"column":3},"end":{"line":81,"column":28}},"27":{"start":{"line":82,"column":3},"end":{"line":82,"column":25}},"28":{"start":{"line":83,"column":3},"end":{"line":83,"column":36}},"29":{"start":{"line":86,"column":2},"end":{"line":86,"column":36}},"30":{"start":{"line":95,"column":0},"end":{"line":97,"column":3}},"31":{"start":{"line":95,"column":71},"end":{"line":97,"column":2}},"32":{"start":{"line":96,"column":1},"end":{"line":96,"column":51}},"33":{"start":{"line":104,"column":0},"end":{"line":110,"column":3}},"34":{"start":{"line":104,"column":70},"end":{"line":110,"column":2}},"35":{"start":{"line":105,"column":1},"end":{"line":109,"column":2}},"36":{"start":{"line":106,"column":2},"end":{"line":106,"column":50}},"37":{"start":{"line":108,"column":2},"end":{"line":108,"column":39}},"38":{"start":{"line":117,"column":0},"end":{"line":119,"column":3}},"39":{"start":{"line":117,"column":68},"end":{"line":119,"column":2}},"40":{"start":{"line":118,"column":1},"end":{"line":118,"column":47}},"41":{"start":{"line":126,"column":0},"end":{"line":135,"column":3}},"42":{"start":{"line":126,"column":70},"end":{"line":135,"column":2}},"43":{"start":{"line":127,"column":1},"end":{"line":134,"column":2}},"44":{"start":{"line":131,"column":2},"end":{"line":131,"column":50}},"45":{"start":{"line":133,"column":2},"end":{"line":133,"column":39}},"46":{"start":{"line":142,"column":0},"end":{"line":147,"column":2}},"47":{"start":{"line":144,"column":39},"end":{"line":146,"column":null}},"48":{"start":{"line":145,"column":2},"end":{"line":145,"column":64}},"49":{"start":{"line":154,"column":0},"end":{"line":166,"column":2}},"50":{"start":{"line":156,"column":39},"end":{"line":165,"column":null}},"51":{"start":{"line":157,"column":2},"end":{"line":164,"column":3}},"52":{"start":{"line":161,"column":3},"end":{"line":161,"column":62}},"53":{"start":{"line":163,"column":3},"end":{"line":163,"column":40}},"54":{"start":{"line":173,"column":0},"end":{"line":182,"column":3}},"55":{"start":{"line":173,"column":74},"end":{"line":182,"column":2}},"56":{"start":{"line":174,"column":1},"end":{"line":181,"column":2}},"57":{"start":{"line":178,"column":2},"end":{"line":178,"column":54}},"58":{"start":{"line":180,"column":2},"end":{"line":180,"column":39}},"59":{"start":{"line":189,"column":0},"end":{"line":214,"column":3}},"60":{"start":{"line":189,"column":77},"end":{"line":214,"column":2}},"61":{"start":{"line":190,"column":22},"end":{"line":190,"column":59}},"62":{"start":{"line":192,"column":1},"end":{"line":213,"column":2}},"63":{"start":{"line":193,"column":2},"end":{"line":199,"column":3}},"64":{"start":{"line":197,"column":3},"end":{"line":197,"column":40}},"65":{"start":{"line":198,"column":3},"end":{"line":198,"column":10}},"66":{"start":{"line":201,"column":17},"end":{"line":201,"column":33}},"67":{"start":{"line":203,"column":21},"end":{"line":203,"column":46}},"68":{"start":{"line":205,"column":21},"end":{"line":205,"column":48}},"69":{"start":{"line":207,"column":2},"end":{"line":207,"column":47}},"70":{"start":{"line":209,"column":2},"end":{"line":209,"column":24}},"71":{"start":{"line":210,"column":2},"end":{"line":210,"column":35}},"72":{"start":{"line":212,"column":2},"end":{"line":212,"column":46}},"73":{"start":{"line":216,"column":0},"end":{"line":218,"column":3}},"74":{"start":{"line":217,"column":1},"end":{"line":217,"column":22}},"75":{"start":{"line":220,"column":0},"end":{"line":220,"column":19}}},"fnMap":{"0":{"name":"(anonymous_8)","decl":{"start":{"line":59,"column":28},"end":{"line":59,"column":35}},"loc":{"start":{"line":59,"column":66},"end":{"line":88,"column":2}}},"1":{"name":"(anonymous_9)","decl":{"start":{"line":59,"column":66},"end":{"line":59,"column":null}},"loc":{"start":{"line":59,"column":66},"end":{"line":88,"column":1}}},"2":{"name":"(anonymous_10)","decl":{"start":{"line":95,"column":33},"end":{"line":95,"column":40}},"loc":{"start":{"line":95,"column":71},"end":{"line":97,"column":2}}},"3":{"name":"(anonymous_11)","decl":{"start":{"line":95,"column":71},"end":{"line":95,"column":null}},"loc":{"start":{"line":95,"column":71},"end":{"line":97,"column":1}}},"4":{"name":"(anonymous_12)","decl":{"start":{"line":104,"column":32},"end":{"line":104,"column":39}},"loc":{"start":{"line":104,"column":70},"end":{"line":110,"column":2}}},"5":{"name":"(anonymous_13)","decl":{"start":{"line":104,"column":70},"end":{"line":104,"column":null}},"loc":{"start":{"line":104,"column":70},"end":{"line":110,"column":1}}},"6":{"name":"(anonymous_14)","decl":{"start":{"line":117,"column":30},"end":{"line":117,"column":37}},"loc":{"start":{"line":117,"column":68},"end":{"line":119,"column":2}}},"7":{"name":"(anonymous_15)","decl":{"start":{"line":117,"column":68},"end":{"line":117,"column":null}},"loc":{"start":{"line":117,"column":68},"end":{"line":119,"column":1}}},"8":{"name":"(anonymous_16)","decl":{"start":{"line":126,"column":32},"end":{"line":126,"column":39}},"loc":{"start":{"line":126,"column":70},"end":{"line":135,"column":2}}},"9":{"name":"(anonymous_17)","decl":{"start":{"line":126,"column":70},"end":{"line":126,"column":null}},"loc":{"start":{"line":126,"column":70},"end":{"line":135,"column":1}}},"10":{"name":"(anonymous_18)","decl":{"start":{"line":144,"column":1},"end":{"line":144,"column":8}},"loc":{"start":{"line":144,"column":39},"end":{"line":146,"column":null}}},"11":{"name":"(anonymous_19)","decl":{"start":{"line":144,"column":39},"end":{"line":144,"column":null}},"loc":{"start":{"line":144,"column":39},"end":{"line":146,"column":2}}},"12":{"name":"(anonymous_20)","decl":{"start":{"line":156,"column":1},"end":{"line":156,"column":8}},"loc":{"start":{"line":156,"column":39},"end":{"line":165,"column":null}}},"13":{"name":"(anonymous_21)","decl":{"start":{"line":156,"column":39},"end":{"line":156,"column":null}},"loc":{"start":{"line":156,"column":39},"end":{"line":165,"column":2}}},"14":{"name":"(anonymous_22)","decl":{"start":{"line":173,"column":36},"end":{"line":173,"column":43}},"loc":{"start":{"line":173,"column":74},"end":{"line":182,"column":2}}},"15":{"name":"(anonymous_23)","decl":{"start":{"line":173,"column":74},"end":{"line":173,"column":null}},"loc":{"start":{"line":173,"column":74},"end":{"line":182,"column":1}}},"16":{"name":"(anonymous_24)","decl":{"start":{"line":189,"column":39},"end":{"line":189,"column":46}},"loc":{"start":{"line":189,"column":77},"end":{"line":214,"column":2}}},"17":{"name":"(anonymous_25)","decl":{"start":{"line":189,"column":77},"end":{"line":189,"column":null}},"loc":{"start":{"line":189,"column":77},"end":{"line":214,"column":1}}},"18":{"name":"(anonymous_26)","decl":{"start":{"line":216,"column":20},"end":{"line":216,"column":23}},"loc":{"start":{"line":216,"column":25},"end":{"line":218,"column":1}}}},"branchMap":{"0":{"loc":{"start":{"line":69,"column":2},"end":{"line":84,"column":3}},"type":"if","locations":[{"start":{"line":69,"column":2},"end":{"line":84,"column":3}},{"start":{"line":75,"column":9},"end":{"line":84,"column":3}}]},"1":{"loc":{"start":{"line":69,"column":6},"end":{"line":69,"column":72}},"type":"binary-expr","locations":[{"start":{"line":69,"column":6},"end":{"line":69,"column":14}},{"start":{"line":69,"column":18},"end":{"line":69,"column":26}},{"start":{"line":69,"column":30},"end":{"line":69,"column":72}}]},"2":{"loc":{"start":{"line":76,"column":3},"end":{"line":79,"column":4}},"type":"if","locations":[{"start":{"line":76,"column":3},"end":{"line":79,"column":4}}]},"3":{"loc":{"start":{"line":105,"column":1},"end":{"line":109,"column":2}},"type":"if","locations":[{"start":{"line":105,"column":1},"end":{"line":109,"column":2}},{"start":{"line":107,"column":8},"end":{"line":109,"column":2}}]},"4":{"loc":{"start":{"line":127,"column":1},"end":{"line":134,"column":2}},"type":"if","locations":[{"start":{"line":127,"column":1},"end":{"line":134,"column":2}},{"start":{"line":132,"column":8},"end":{"line":134,"column":2}}]},"5":{"loc":{"start":{"line":128,"column":2},"end":{"line":129,"column":57}},"type":"binary-expr","locations":[{"start":{"line":128,"column":3},"end":{"line":128,"column":51}},{"start":{"line":129,"column":2},"end":{"line":129,"column":57}}]},"6":{"loc":{"start":{"line":157,"column":2},"end":{"line":164,"column":3}},"type":"if","locations":[{"start":{"line":157,"column":2},"end":{"line":164,"column":3}},{"start":{"line":162,"column":9},"end":{"line":164,"column":3}}]},"7":{"loc":{"start":{"line":158,"column":3},"end":{"line":159,"column":53}},"type":"binary-expr","locations":[{"start":{"line":158,"column":3},"end":{"line":158,"column":58}},{"start":{"line":159,"column":4},"end":{"line":159,"column":52}}]},"8":{"loc":{"start":{"line":174,"column":1},"end":{"line":181,"column":2}},"type":"if","locations":[{"start":{"line":174,"column":1},"end":{"line":181,"column":2}},{"start":{"line":179,"column":8},"end":{"line":181,"column":2}}]},"9":{"loc":{"start":{"line":175,"column":2},"end":{"line":176,"column":52}},"type":"binary-expr","locations":[{"start":{"line":175,"column":2},"end":{"line":175,"column":57}},{"start":{"line":176,"column":3},"end":{"line":176,"column":51}}]},"10":{"loc":{"start":{"line":193,"column":2},"end":{"line":199,"column":3}},"type":"if","locations":[{"start":{"line":193,"column":2},"end":{"line":199,"column":3}}]},"11":{"loc":{"start":{"line":194,"column":3},"end":{"line":195,"column":58}},"type":"binary-expr","locations":[{"start":{"line":194,"column":3},"end":{"line":194,"column":51}},{"start":{"line":195,"column":3},"end":{"line":195,"column":58}}]}},"s":{"0":1,"1":1,"2":1,"3":1,"4":1,"5":1,"6":1,"7":1,"8":1,"9":1,"10":1,"11":1,"12":1,"13":3,"14":3,"15":3,"16":3,"17":3,"18":3,"19":3,"20":1,"21":1,"22":1,"23":2,"24":1,"25":1,"26":1,"27":1,"28":1,"29":0,"30":1,"31":0,"32":0,"33":1,"34":2,"35":2,"36":1,"37":1,"38":1,"39":2,"40":2,"41":1,"42":3,"43":3,"44":1,"45":2,"46":1,"47":0,"48":0,"49":1,"50":3,"51":3,"52":1,"53":2,"54":1,"55":3,"56":3,"57":1,"58":2,"59":1,"60":4,"61":4,"62":4,"63":4,"64":2,"65":2,"66":2,"67":1,"68":1,"69":1,"70":1,"71":1,"72":1,"73":1,"74":0,"75":1},"f":{"0":3,"1":3,"2":0,"3":0,"4":2,"5":2,"6":2,"7":2,"8":3,"9":3,"10":0,"11":0,"12":3,"13":3,"14":3,"15":3,"16":4,"17":4,"18":0},"b":{"0":[1,2],"1":[3,3,3],"2":[1],"3":[1,1],"4":[1,2],"5":[3,2],"6":[1,2],"7":[3,2],"8":[1,2],"9":[3,2],"10":[2],"11":[4,3]}}
,"/app/server/src/serverFunctionsExporter.ts": {"path":"/app/server/src/serverFunctionsExporter.ts","statementMap":{"0":{"start":{"line":1,"column":0},"end":{"line":1,"column":9}},"1":{"start":{"line":12,"column":1},"end":{"line":1,"column":48}},"2":{"start":{"line":2,"column":0},"end":{"line":2,"column":9}},"3":{"start":{"line":13,"column":1},"end":{"line":2,"column":50}},"4":{"start":{"line":3,"column":0},"end":{"line":3,"column":9}},"5":{"start":{"line":14,"column":1},"end":{"line":3,"column":58}},"6":{"start":{"line":4,"column":0},"end":{"line":4,"column":9}},"7":{"start":{"line":15,"column":1},"end":{"line":4,"column":54}},"8":{"start":{"line":5,"column":0},"end":{"line":5,"column":9}},"9":{"start":{"line":16,"column":1},"end":{"line":5,"column":54}},"10":{"start":{"line":6,"column":0},"end":{"line":6,"column":9}},"11":{"start":{"line":17,"column":1},"end":{"line":6,"column":76}},"12":{"start":{"line":7,"column":0},"end":{"line":7,"column":9}},"13":{"start":{"line":18,"column":1},"end":{"line":7,"column":82}},"14":{"start":{"line":8,"column":0},"end":{"line":8,"column":9}},"15":{"start":{"line":19,"column":1},"end":{"line":8,"column":62}},"16":{"start":{"line":9,"column":0},"end":{"line":9,"column":9}},"17":{"start":{"line":20,"column":1},"end":{"line":9,"column":68}}},"fnMap":{"0":{"name":"(anonymous_0)","decl":{"start":{"line":12,"column":1},"end":{"line":12,"column":9}},"loc":{"start":{"line":12,"column":1},"end":{"line":1,"column":48}}},"1":{"name":"(anonymous_1)","decl":{"start":{"line":13,"column":1},"end":{"line":13,"column":10}},"loc":{"start":{"line":13,"column":1},"end":{"line":2,"column":50}}},"2":{"name":"(anonymous_2)","decl":{"start":{"line":14,"column":1},"end":{"line":14,"column":14}},"loc":{"start":{"line":14,"column":1},"end":{"line":3,"column":58}}},"3":{"name":"(anonymous_3)","decl":{"start":{"line":15,"column":1},"end":{"line":15,"column":12}},"loc":{"start":{"line":15,"column":1},"end":{"line":4,"column":54}}},"4":{"name":"(anonymous_4)","decl":{"start":{"line":16,"column":1},"end":{"line":16,"column":12}},"loc":{"start":{"line":16,"column":1},"end":{"line":5,"column":54}}},"5":{"name":"(anonymous_5)","decl":{"start":{"line":17,"column":1},"end":{"line":17,"column":23}},"loc":{"start":{"line":17,"column":1},"end":{"line":6,"column":76}}},"6":{"name":"(anonymous_6)","decl":{"start":{"line":18,"column":1},"end":{"line":18,"column":26}},"loc":{"start":{"line":18,"column":1},"end":{"line":7,"column":82}}},"7":{"name":"(anonymous_7)","decl":{"start":{"line":19,"column":1},"end":{"line":19,"column":16}},"loc":{"start":{"line":19,"column":1},"end":{"line":8,"column":62}}},"8":{"name":"(anonymous_8)","decl":{"start":{"line":20,"column":1},"end":{"line":20,"column":19}},"loc":{"start":{"line":20,"column":1},"end":{"line":9,"column":68}}}},"branchMap":{},"s":{"0":1,"1":2,"2":1,"3":3,"4":1,"5":1,"6":1,"7":2,"8":1,"9":2,"10":1,"11":2,"12":1,"13":1,"14":1,"15":2,"16":1,"17":2},"f":{"0":1,"1":2,"2":0,"3":1,"4":1,"5":1,"6":0,"7":1,"8":1},"b":{}}
,"/app/server/src/utils.ts": {"path":"/app/server/src/utils.ts","statementMap":{"0":{"start":{"line":9,"column":0},"end":{"line":9,"column":59}},"1":{"start":{"line":12,"column":0},"end":{"line":12,"column":50}},"2":{"start":{"line":24,"column":15},"end":{"line":24,"column":34}},"3":{"start":{"line":26,"column":1},"end":{"line":30,"column":4}},"4":{"start":{"line":27,"column":12},"end":{"line":27,"column":35}},"5":{"start":{"line":29,"column":2},"end":{"line":29,"column":51}},"6":{"start":{"line":32,"column":1},"end":{"line":32,"column":13}},"7":{"start":{"line":308,"column":1},"end":{"line":308,"column":19}},"8":{"start":{"line":36,"column":1},"end":{"line":38,"column":2}},"9":{"start":{"line":37,"column":2},"end":{"line":37,"column":15}},"10":{"start":{"line":40,"column":20},"end":{"line":40,"column":43}},"11":{"start":{"line":42,"column":18},"end":{"line":42,"column":48}},"12":{"start":{"line":44,"column":19},"end":{"line":44,"column":52}},"13":{"start":{"line":46,"column":14},"end":{"line":46,"column":59}},"14":{"start":{"line":48,"column":1},"end":{"line":48,"column":30}},"15":{"start":{"line":310,"column":1},"end":{"line":310,"column":16}},"16":{"start":{"line":65,"column":1},"end":{"line":67,"column":2}},"17":{"start":{"line":66,"column":2},"end":{"line":66,"column":15}},"18":{"start":{"line":69,"column":1},"end":{"line":71,"column":2}},"19":{"start":{"line":70,"column":2},"end":{"line":70,"column":15}},"20":{"start":{"line":73,"column":20},"end":{"line":73,"column":47}},"21":{"start":{"line":74,"column":19},"end":{"line":74,"column":37}},"22":{"start":{"line":76,"column":1},"end":{"line":76,"column":31}},"23":{"start":{"line":307,"column":1},"end":{"line":307,"column":24}},"24":{"start":{"line":96,"column":25},"end":{"line":101,"column":3}},"25":{"start":{"line":102,"column":28},"end":{"line":102,"column":46}},"26":{"start":{"line":103,"column":24},"end":{"line":103,"column":38}},"27":{"start":{"line":104,"column":14},"end":{"line":104,"column":25}},"28":{"start":{"line":106,"column":18},"end":{"line":106,"column":48}},"29":{"start":{"line":108,"column":14},"end":{"line":108,"column":55}},"30":{"start":{"line":110,"column":24},"end":{"line":110,"column":26}},"31":{"start":{"line":112,"column":1},"end":{"line":118,"column":4}},"32":{"start":{"line":113,"column":2},"end":{"line":117,"column":3}},"33":{"start":{"line":114,"column":3},"end":{"line":116,"column":28}},"34":{"start":{"line":120,"column":1},"end":{"line":120,"column":31}},"35":{"start":{"line":121,"column":1},"end":{"line":121,"column":27}},"36":{"start":{"line":122,"column":1},"end":{"line":123,"column":73}},"37":{"start":{"line":124,"column":1},"end":{"line":124,"column":27}},"38":{"start":{"line":126,"column":1},"end":{"line":126,"column":16}},"39":{"start":{"line":306,"column":1},"end":{"line":306,"column":17}},"40":{"start":{"line":147,"column":1},"end":{"line":150,"column":2}},"41":{"start":{"line":148,"column":2},"end":{"line":148,"column":39}},"42":{"start":{"line":149,"column":2},"end":{"line":149,"column":9}},"43":{"start":{"line":152,"column":1},"end":{"line":166,"column":2}},"44":{"start":{"line":155,"column":2},"end":{"line":160,"column":3}},"45":{"start":{"line":156,"column":18},"end":{"line":156,"column":34}},"46":{"start":{"line":157,"column":3},"end":{"line":157,"column":32}},"47":{"start":{"line":159,"column":3},"end":{"line":159,"column":38}},"48":{"start":{"line":162,"column":2},"end":{"line":162,"column":51}},"49":{"start":{"line":163,"column":2},"end":{"line":163,"column":35}},"50":{"start":{"line":165,"column":2},"end":{"line":165,"column":35}},"51":{"start":{"line":304,"column":1},"end":{"line":304,"column":19}},"52":{"start":{"line":170,"column":13},"end":{"line":170,"column":27}},"53":{"start":{"line":171,"column":20},"end":{"line":171,"column":53}},"54":{"start":{"line":172,"column":14},"end":{"line":172,"column":59}},"55":{"start":{"line":173,"column":1},"end":{"line":173,"column":34}},"56":{"start":{"line":311,"column":1},"end":{"line":311,"column":10}},"57":{"start":{"line":187,"column":1},"end":{"line":189,"column":2}},"58":{"start":{"line":188,"column":2},"end":{"line":188,"column":39}},"59":{"start":{"line":191,"column":16},"end":{"line":191,"column":36}},"60":{"start":{"line":193,"column":1},"end":{"line":193,"column":17}},"61":{"start":{"line":312,"column":1},"end":{"line":312,"column":12}},"62":{"start":{"line":207,"column":1},"end":{"line":209,"column":2}},"63":{"start":{"line":208,"column":2},"end":{"line":208,"column":55}},"64":{"start":{"line":211,"column":16},"end":{"line":211,"column":40}},"65":{"start":{"line":213,"column":27},"end":{"line":213,"column":74}},"66":{"start":{"line":214,"column":1},"end":{"line":214,"column":65}},"67":{"start":{"line":214,"column":50},"end":{"line":214,"column":63}},"68":{"start":{"line":305,"column":1},"end":{"line":305,"column":16}},"69":{"start":{"line":218,"column":1},"end":{"line":220,"column":2}},"70":{"start":{"line":219,"column":2},"end":{"line":219,"column":15}},"71":{"start":{"line":222,"column":18},"end":{"line":222,"column":48}},"72":{"start":{"line":224,"column":19},"end":{"line":224,"column":52}},"73":{"start":{"line":226,"column":14},"end":{"line":226,"column":59}},"74":{"start":{"line":228,"column":18},"end":{"line":228,"column":51}},"75":{"start":{"line":230,"column":1},"end":{"line":230,"column":19}},"76":{"start":{"line":309,"column":1},"end":{"line":309,"column":14}},"77":{"start":{"line":243,"column":1},"end":{"line":245,"column":2}},"78":{"start":{"line":244,"column":2},"end":{"line":244,"column":15}},"79":{"start":{"line":258,"column":30},"end":{"line":258,"column":57}},"80":{"start":{"line":259,"column":18},"end":{"line":259,"column":48}},"81":{"start":{"line":261,"column":19},"end":{"line":262,"column":27}},"82":{"start":{"line":264,"column":14},"end":{"line":264,"column":18}},"83":{"start":{"line":265,"column":1},"end":{"line":269,"column":2}},"84":{"start":{"line":266,"column":2},"end":{"line":266,"column":45}},"85":{"start":{"line":268,"column":2},"end":{"line":268,"column":68}},"86":{"start":{"line":270,"column":1},"end":{"line":270,"column":43}},"87":{"start":{"line":302,"column":1},"end":{"line":302,"column":13}},"88":{"start":{"line":290,"column":1},"end":{"line":292,"column":2}},"89":{"start":{"line":291,"column":2},"end":{"line":291,"column":18}},"90":{"start":{"line":294,"column":1},"end":{"line":298,"column":3}},"91":{"start":{"line":303,"column":1},"end":{"line":303,"column":21}}},"fnMap":{"0":{"name":"checkPayloadFormat","decl":{"start":{"line":23,"column":9},"end":{"line":23,"column":27}},"loc":{"start":{"line":23,"column":43},"end":{"line":33,"column":1}}},"1":{"name":"(anonymous_9)","decl":{"start":{"line":26,"column":17},"end":{"line":26,"column":18}},"loc":{"start":{"line":26,"column":28},"end":{"line":30,"column":2}}},"2":{"name":"isUserPublisher","decl":{"start":{"line":35,"column":15},"end":{"line":35,"column":30}},"loc":{"start":{"line":35,"column":57},"end":{"line":49,"column":null}}},"3":{"name":"clientAndPublisherMatch","decl":{"start":{"line":61,"column":9},"end":{"line":61,"column":32}},"loc":{"start":{"line":63,"column":31},"end":{"line":77,"column":1}}},"4":{"name":"getUpdatesHelper","decl":{"start":{"line":92,"column":15},"end":{"line":92,"column":31}},"loc":{"start":{"line":94,"column":14},"end":{"line":127,"column":null}}},"5":{"name":"(anonymous_15)","decl":{"start":{"line":112,"column":16},"end":{"line":112,"column":17}},"loc":{"start":{"line":112,"column":27},"end":{"line":118,"column":2}}},"6":{"name":"runEndpointFuntion","decl":{"start":{"line":138,"column":15},"end":{"line":138,"column":33}},"loc":{"start":{"line":143,"column":61},"end":{"line":167,"column":null}}},"7":{"name":"sendError","decl":{"start":{"line":169,"column":9},"end":{"line":169,"column":18}},"loc":{"start":{"line":169,"column":66},"end":{"line":174,"column":1}}},"8":{"name":"getArgument","decl":{"start":{"line":186,"column":9},"end":{"line":186,"column":20}},"loc":{"start":{"line":186,"column":33},"end":{"line":194,"column":1}}},"9":{"name":"parseAuthHeader","decl":{"start":{"line":206,"column":9},"end":{"line":206,"column":24}},"loc":{"start":{"line":206,"column":55},"end":{"line":215,"column":1}}},"10":{"name":"(anonymous_21)","decl":{"start":{"line":214,"column":41},"end":{"line":214,"column":42}},"loc":{"start":{"line":214,"column":50},"end":{"line":214,"column":63}}},"11":{"name":"doesUserExist","decl":{"start":{"line":217,"column":15},"end":{"line":217,"column":28}},"loc":{"start":{"line":217,"column":63},"end":{"line":231,"column":null}}},"12":{"name":"authenticate","decl":{"start":{"line":242,"column":15},"end":{"line":242,"column":27}},"loc":{"start":{"line":242,"column":58},"end":{"line":271,"column":null}}},"13":{"name":"assembleResultObject","decl":{"start":{"line":285,"column":9},"end":{"line":285,"column":29}},"loc":{"start":{"line":288,"column":36},"end":{"line":299,"column":1}}}},"branchMap":{"0":{"loc":{"start":{"line":36,"column":1},"end":{"line":38,"column":2}},"type":"if","locations":[{"start":{"line":36,"column":1},"end":{"line":38,"column":2}}]},"1":{"loc":{"start":{"line":65,"column":1},"end":{"line":67,"column":2}},"type":"if","locations":[{"start":{"line":65,"column":1},"end":{"line":67,"column":2}}]},"2":{"loc":{"start":{"line":69,"column":1},"end":{"line":71,"column":2}},"type":"if","locations":[{"start":{"line":69,"column":1},"end":{"line":71,"column":2}}]},"3":{"loc":{"start":{"line":113,"column":2},"end":{"line":117,"column":3}},"type":"if","locations":[{"start":{"line":113,"column":2},"end":{"line":117,"column":3}}]},"4":{"loc":{"start":{"line":114,"column":14},"end":{"line":116,"column":27}},"type":"cond-expr","locations":[{"start":{"line":115,"column":6},"end":{"line":115,"column":20}},{"start":{"line":116,"column":6},"end":{"line":116,"column":27}}]},"5":{"loc":{"start":{"line":123,"column":2},"end":{"line":123,"column":72}},"type":"cond-expr","locations":[{"start":{"line":123,"column":22},"end":{"line":123,"column":67}},{"start":{"line":123,"column":70},"end":{"line":123,"column":72}}]},"6":{"loc":{"start":{"line":147,"column":1},"end":{"line":150,"column":2}},"type":"if","locations":[{"start":{"line":147,"column":1},"end":{"line":150,"column":2}}]},"7":{"loc":{"start":{"line":155,"column":2},"end":{"line":160,"column":3}},"type":"if","locations":[{"start":{"line":155,"column":2},"end":{"line":160,"column":3}},{"start":{"line":158,"column":9},"end":{"line":160,"column":3}}]},"8":{"loc":{"start":{"line":155,"column":6},"end":{"line":155,"column":63}},"type":"binary-expr","locations":[{"start":{"line":155,"column":6},"end":{"line":155,"column":30}},{"start":{"line":155,"column":34},"end":{"line":155,"column":63}}]},"9":{"loc":{"start":{"line":187,"column":1},"end":{"line":189,"column":2}},"type":"if","locations":[{"start":{"line":187,"column":1},"end":{"line":189,"column":2}}]},"10":{"loc":{"start":{"line":207,"column":1},"end":{"line":209,"column":2}},"type":"if","locations":[{"start":{"line":207,"column":1},"end":{"line":209,"column":2}}]},"11":{"loc":{"start":{"line":218,"column":1},"end":{"line":220,"column":2}},"type":"if","locations":[{"start":{"line":218,"column":1},"end":{"line":220,"column":2}}]},"12":{"loc":{"start":{"line":218,"column":5},"end":{"line":218,"column":27}},"type":"binary-expr","locations":[{"start":{"line":218,"column":5},"end":{"line":218,"column":14}},{"start":{"line":218,"column":18},"end":{"line":218,"column":27}}]},"13":{"loc":{"start":{"line":228,"column":18},"end":{"line":228,"column":51}},"type":"cond-expr","locations":[{"start":{"line":228,"column":39},"end":{"line":228,"column":43}},{"start":{"line":228,"column":46},"end":{"line":228,"column":51}}]},"14":{"loc":{"start":{"line":243,"column":1},"end":{"line":245,"column":2}},"type":"if","locations":[{"start":{"line":243,"column":1},"end":{"line":245,"column":2}}]},"15":{"loc":{"start":{"line":270,"column":8},"end":{"line":270,"column":42}},"type":"cond-expr","locations":[{"start":{"line":270,"column":30},"end":{"line":270,"column":34}},{"start":{"line":270,"column":37},"end":{"line":270,"column":42}}]},"16":{"loc":{"start":{"line":270,"column":8},"end":{"line":270,"column":22}},"type":"cond-expr","locations":[{"start":{"line":270,"column":14},"end":{"line":270,"column":16}},{"start":{"line":270,"column":8},"end":{"line":270,"column":22}}]},"17":{"loc":{"start":{"line":270,"column":8},"end":{"line":270,"column":16}},"type":"binary-expr","locations":[{"start":{"line":270,"column":8},"end":{"line":270,"column":16}},{"start":{"line":270,"column":8},"end":{"line":270,"column":16}}]},"18":{"loc":{"start":{"line":290,"column":1},"end":{"line":292,"column":2}},"type":"if","locations":[{"start":{"line":290,"column":1},"end":{"line":292,"column":2}}]},"19":{"loc":{"start":{"line":290,"column":5},"end":{"line":290,"column":53}},"type":"binary-expr","locations":[{"start":{"line":290,"column":5},"end":{"line":290,"column":30}},{"start":{"line":290,"column":34},"end":{"line":290,"column":53}}]},"20":{"loc":{"start":{"line":297,"column":9},"end":{"line":297,"column":40}},"type":"cond-expr","locations":[{"start":{"line":297,"column":30},"end":{"line":297,"column":32}},{"start":{"line":297,"column":35},"end":{"line":297,"column":40}}]}},"s":{"0":5,"1":5,"2":17,"3":17,"4":17,"5":17,"6":17,"7":5,"8":9,"9":0,"10":9,"11":9,"12":9,"13":9,"14":9,"15":5,"16":11,"17":0,"18":11,"19":0,"20":11,"21":11,"22":11,"23":5,"24":16,"25":16,"26":16,"27":16,"28":16,"29":16,"30":16,"31":16,"32":19,"33":18,"34":16,"35":16,"36":16,"37":16,"38":16,"39":5,"40":6,"41":1,"42":1,"43":5,"44":5,"45":5,"46":4,"47":0,"48":4,"49":4,"50":1,"51":5,"52":2,"53":2,"54":2,"55":2,"56":5,"57":7,"58":2,"59":5,"60":5,"61":5,"62":36,"63":0,"64":36,"65":36,"66":36,"67":72,"68":5,"69":3,"70":0,"71":3,"72":3,"73":3,"74":3,"75":3,"76":5,"77":12,"78":0,"79":12,"80":12,"81":12,"82":12,"83":12,"84":12,"85":0,"86":12,"87":5,"88":14,"89":1,"90":14,"91":5},"f":{"0":17,"1":17,"2":9,"3":11,"4":16,"5":19,"6":6,"7":2,"8":7,"9":36,"10":72,"11":3,"12":12,"13":14},"b":{"0":[0],"1":[0],"2":[0],"3":[18],"4":[8,10],"5":[12,4],"6":[1],"7":[5,0],"8":[5,5],"9":[2],"10":[0],"11":[0],"12":[3,3],"13":[2,1],"14":[0],"15":[9,3],"16":[0,12],"17":[12,12],"18":[1],"19":[14,4],"20":[3,11]}}
,"/app/server/src/database/HashStore.ts": {"path":"/app/server/src/database/HashStore.ts","statementMap":{"0":{"start":{"line":2,"column":0},"end":{"line":2,"column":60}},"1":{"start":{"line":3,"column":0},"end":{"line":3,"column":53}},"2":{"start":{"line":5,"column":23},"end":{"line":5,"column":24}},"3":{"start":{"line":6,"column":23},"end":{"line":6,"column":24}},"4":{"start":{"line":24,"column":2},"end":{"line":26,"column":3}},"5":{"start":{"line":25,"column":3},"end":{"line":25,"column":10}},"6":{"start":{"line":28,"column":2},"end":{"line":28,"column":55}},"7":{"start":{"line":31,"column":3},"end":{"line":32,"column":null}},"8":{"start":{"line":35,"column":2},"end":{"line":66,"column":5}},"9":{"start":{"line":36,"column":17},"end":{"line":36,"column":28}},"10":{"start":{"line":37,"column":26},"end":{"line":37,"column":39}},"11":{"start":{"line":40,"column":20},"end":{"line":40,"column":39}},"12":{"start":{"line":43,"column":3},"end":{"line":45,"column":4}},"13":{"start":{"line":44,"column":4},"end":{"line":44,"column":21}},"14":{"start":{"line":48,"column":3},"end":{"line":53,"column":4}},"15":{"start":{"line":52,"column":4},"end":{"line":52,"column":60}},"16":{"start":{"line":55,"column":3},"end":{"line":65,"column":6}},"17":{"start":{"line":56,"column":26},"end":{"line":58,"column":null}},"18":{"start":{"line":61,"column":4},"end":{"line":61,"column":65}},"19":{"start":{"line":63,"column":4},"end":{"line":64,"column":31}},"20":{"start":{"line":82,"column":16},"end":{"line":82,"column":64}},"21":{"start":{"line":85,"column":2},"end":{"line":87,"column":3}},"22":{"start":{"line":86,"column":3},"end":{"line":86,"column":59}},"23":{"start":{"line":89,"column":17},"end":{"line":89,"column":58}},"24":{"start":{"line":91,"column":16},"end":{"line":91,"column":18}},"25":{"start":{"line":93,"column":2},"end":{"line":97,"column":3}},"26":{"start":{"line":96,"column":3},"end":{"line":96,"column":62}},"27":{"start":{"line":99,"column":2},"end":{"line":99,"column":62}},"28":{"start":{"line":117,"column":16},"end":{"line":117,"column":64}},"29":{"start":{"line":120,"column":2},"end":{"line":122,"column":3}},"30":{"start":{"line":121,"column":3},"end":{"line":121,"column":59}},"31":{"start":{"line":124,"column":17},"end":{"line":124,"column":58}},"32":{"start":{"line":126,"column":16},"end":{"line":126,"column":35}},"33":{"start":{"line":129,"column":2},"end":{"line":131,"column":3}},"34":{"start":{"line":130,"column":3},"end":{"line":130,"column":17}},"35":{"start":{"line":133,"column":2},"end":{"line":139,"column":3}},"36":{"start":{"line":134,"column":25},"end":{"line":134,"column":69}},"37":{"start":{"line":136,"column":3},"end":{"line":136,"column":31}},"38":{"start":{"line":138,"column":3},"end":{"line":138,"column":65}},"39":{"start":{"line":146,"column":20},"end":{"line":146,"column":39}},"40":{"start":{"line":147,"column":12},"end":{"line":147,"column":44}},"41":{"start":{"line":148,"column":14},"end":{"line":148,"column":47}},"42":{"start":{"line":150,"column":15},"end":{"line":150,"column":55}},"43":{"start":{"line":152,"column":2},"end":{"line":152,"column":25}},"44":{"start":{"line":170,"column":19},"end":{"line":171,"column":null}},"45":{"start":{"line":174,"column":2},"end":{"line":174,"column":31}},"46":{"start":{"line":188,"column":21},"end":{"line":188,"column":37}},"47":{"start":{"line":190,"column":17},"end":{"line":190,"column":25}},"48":{"start":{"line":191,"column":17},"end":{"line":191,"column":28}},"49":{"start":{"line":192,"column":15},"end":{"line":192,"column":43}},"50":{"start":{"line":193,"column":12},"end":{"line":193,"column":40}},"51":{"start":{"line":195,"column":18},"end":{"line":195,"column":23}},"52":{"start":{"line":196,"column":17},"end":{"line":196,"column":21}},"53":{"start":{"line":199,"column":2},"end":{"line":209,"column":5}},"54":{"start":{"line":200,"column":3},"end":{"line":208,"column":4}},"55":{"start":{"line":206,"column":4},"end":{"line":206,"column":21}},"56":{"start":{"line":207,"column":4},"end":{"line":207,"column":19}},"57":{"start":{"line":211,"column":2},"end":{"line":213,"column":3}},"58":{"start":{"line":212,"column":3},"end":{"line":212,"column":19}},"59":{"start":{"line":215,"column":20},"end":{"line":218,"column":4}},"60":{"start":{"line":220,"column":2},"end":{"line":220,"column":16}},"61":{"start":{"line":13,"column":0},"end":{"line":13,"column":21}}},"fnMap":{"0":{"name":"(anonymous_8)","decl":{"start":{"line":22,"column":8},"end":{"line":22,"column":14}},"loc":{"start":{"line":22,"column":29},"end":{"line":67,"column":null}}},"1":{"name":"(anonymous_10)","decl":{"start":{"line":35,"column":26},"end":{"line":35,"column":27}},"loc":{"start":{"line":35,"column":36},"end":{"line":66,"column":3}}},"2":{"name":"(anonymous_11)","decl":{"start":{"line":55,"column":22},"end":{"line":55,"column":23}},"loc":{"start":{"line":55,"column":41},"end":{"line":65,"column":4}}},"3":{"name":"(anonymous_12)","decl":{"start":{"line":78,"column":8},"end":{"line":78,"column":14}},"loc":{"start":{"line":80,"column":19},"end":{"line":100,"column":null}}},"4":{"name":"(anonymous_14)","decl":{"start":{"line":111,"column":8},"end":{"line":111,"column":14}},"loc":{"start":{"line":115,"column":16},"end":{"line":140,"column":null}}},"5":{"name":"(anonymous_16)","decl":{"start":{"line":142,"column":9},"end":{"line":142,"column":15}},"loc":{"start":{"line":144,"column":17},"end":{"line":153,"column":2}}},"6":{"name":"(anonymous_17)","decl":{"start":{"line":165,"column":9},"end":{"line":165,"column":15}},"loc":{"start":{"line":167,"column":19},"end":{"line":175,"column":null}}},"7":{"name":"(anonymous_19)","decl":{"start":{"line":187,"column":9},"end":{"line":187,"column":15}},"loc":{"start":{"line":187,"column":61},"end":{"line":221,"column":2}}},"8":{"name":"(anonymous_20)","decl":{"start":{"line":199,"column":52},"end":{"line":199,"column":53}},"loc":{"start":{"line":199,"column":67},"end":{"line":209,"column":3}}}},"branchMap":{"0":{"loc":{"start":{"line":24,"column":2},"end":{"line":26,"column":3}},"type":"if","locations":[{"start":{"line":24,"column":2},"end":{"line":26,"column":3}}]},"1":{"loc":{"start":{"line":43,"column":3},"end":{"line":45,"column":4}},"type":"if","locations":[{"start":{"line":43,"column":3},"end":{"line":45,"column":4}}]},"2":{"loc":{"start":{"line":48,"column":3},"end":{"line":53,"column":4}},"type":"if","locations":[{"start":{"line":48,"column":3},"end":{"line":53,"column":4}}]},"3":{"loc":{"start":{"line":49,"column":4},"end":{"line":50,"column":42}},"type":"binary-expr","locations":[{"start":{"line":49,"column":4},"end":{"line":49,"column":26}},{"start":{"line":50,"column":4},"end":{"line":50,"column":42}}]},"4":{"loc":{"start":{"line":85,"column":2},"end":{"line":87,"column":3}},"type":"if","locations":[{"start":{"line":85,"column":2},"end":{"line":87,"column":3}}]},"5":{"loc":{"start":{"line":120,"column":2},"end":{"line":122,"column":3}},"type":"if","locations":[{"start":{"line":120,"column":2},"end":{"line":122,"column":3}}]},"6":{"loc":{"start":{"line":129,"column":2},"end":{"line":131,"column":3}},"type":"if","locations":[{"start":{"line":129,"column":2},"end":{"line":131,"column":3}}]},"7":{"loc":{"start":{"line":200,"column":3},"end":{"line":208,"column":4}},"type":"if","locations":[{"start":{"line":200,"column":3},"end":{"line":208,"column":4}}]},"8":{"loc":{"start":{"line":201,"column":4},"end":{"line":204,"column":37}},"type":"binary-expr","locations":[{"start":{"line":201,"column":4},"end":{"line":201,"column":10}},{"start":{"line":202,"column":4},"end":{"line":202,"column":33}},{"start":{"line":203,"column":4},"end":{"line":203,"column":7}},{"start":{"line":204,"column":4},"end":{"line":204,"column":37}}]},"9":{"loc":{"start":{"line":211,"column":2},"end":{"line":213,"column":3}},"type":"if","locations":[{"start":{"line":211,"column":2},"end":{"line":213,"column":3}}]},"10":{"loc":{"start":{"line":211,"column":6},"end":{"line":211,"column":27}},"type":"binary-expr","locations":[{"start":{"line":211,"column":6},"end":{"line":211,"column":15}},{"start":{"line":211,"column":19},"end":{"line":211,"column":27}}]},"11":{"loc":{"start":{"line":216,"column":11},"end":{"line":216,"column":40}},"type":"cond-expr","locations":[{"start":{"line":216,"column":20},"end":{"line":216,"column":35}},{"start":{"line":216,"column":38},"end":{"line":216,"column":40}}]},"12":{"loc":{"start":{"line":217,"column":8},"end":{"line":217,"column":41}},"type":"cond-expr","locations":[{"start":{"line":217,"column":14},"end":{"line":217,"column":36}},{"start":{"line":217,"column":39},"end":{"line":217,"column":41}}]}},"s":{"0":4,"1":4,"2":4,"3":4,"4":13,"5":9,"6":4,"7":4,"8":4,"9":18,"10":18,"11":18,"12":18,"13":13,"14":18,"15":13,"16":18,"17":33,"18":33,"19":33,"20":5,"21":5,"22":0,"23":5,"24":5,"25":5,"26":11,"27":5,"28":8,"29":8,"30":0,"31":8,"32":8,"33":8,"34":1,"35":8,"36":7,"37":7,"38":7,"39":40,"40":40,"41":40,"42":40,"43":40,"44":13,"45":13,"46":40,"47":40,"48":40,"49":40,"50":40,"51":40,"52":40,"53":40,"54":102,"55":8,"56":8,"57":40,"58":8,"59":32,"60":32,"61":4},"f":{"0":13,"1":18,"2":33,"3":5,"4":8,"5":40,"6":13,"7":40,"8":102},"b":{"0":[9],"1":[13],"2":[13],"3":[18,13],"4":[0],"5":[0],"6":[1],"7":[8],"8":[102,88,12,10],"9":[8],"10":[40,8],"11":[30,2],"12":[31,1]}}
,"/app/server/src/database/databaseInstance.ts": {"path":"/app/server/src/database/databaseInstance.ts","statementMap":{"0":{"start":{"line":1,"column":0},"end":{"line":1,"column":27}},"1":{"start":{"line":32,"column":2},"end":{"line":34,"column":3}},"2":{"start":{"line":33,"column":3},"end":{"line":33,"column":54}},"3":{"start":{"line":36,"column":2},"end":{"line":36,"column":35}},"4":{"start":{"line":43,"column":2},"end":{"line":45,"column":3}},"5":{"start":{"line":44,"column":3},"end":{"line":44,"column":54}},"6":{"start":{"line":47,"column":2},"end":{"line":47,"column":35}},"7":{"start":{"line":51,"column":4},"end":{"line":51,"column":31}},"8":{"start":{"line":52,"column":21},"end":{"line":57,"column":4}},"9":{"start":{"line":58,"column":2},"end":{"line":58,"column":23}},"10":{"start":{"line":60,"column":2},"end":{"line":60,"column":20}},"11":{"start":{"line":74,"column":19},"end":{"line":74,"column":51}},"12":{"start":{"line":76,"column":21},"end":{"line":85,"column":4}},"13":{"start":{"line":77,"column":3},"end":{"line":84,"column":5}},"14":{"start":{"line":80,"column":5},"end":{"line":80,"column":26}},"15":{"start":{"line":80,"column":14},"end":{"line":80,"column":26}},"16":{"start":{"line":82,"column":5},"end":{"line":82,"column":19}},"17":{"start":{"line":87,"column":2},"end":{"line":87,"column":19}},"18":{"start":{"line":89,"column":2},"end":{"line":89,"column":38}},"19":{"start":{"line":13,"column":0},"end":{"line":13,"column":21}}},"fnMap":{"0":{"name":"(anonymous_8)","decl":{"start":{"line":21,"column":1},"end":{"line":21,"column":23}},"loc":{"start":{"line":21,"column":1},"end":{"line":21,"column":24}}},"1":{"name":"(anonymous_9)","decl":{"start":{"line":31,"column":8},"end":{"line":31,"column":14}},"loc":{"start":{"line":31,"column":26},"end":{"line":37,"column":2}}},"2":{"name":"(anonymous_10)","decl":{"start":{"line":42,"column":8},"end":{"line":42,"column":14}},"loc":{"start":{"line":42,"column":30},"end":{"line":48,"column":2}}},"3":{"name":"(anonymous_11)","decl":{"start":{"line":50,"column":9},"end":{"line":50,"column":15}},"loc":{"start":{"line":50,"column":29},"end":{"line":61,"column":2}}},"4":{"name":"(anonymous_12)","decl":{"start":{"line":73,"column":14},"end":{"line":73,"column":19}},"loc":{"start":{"line":73,"column":58},"end":{"line":90,"column":null}}},"5":{"name":"(anonymous_14)","decl":{"start":{"line":76,"column":33},"end":{"line":76,"column":34}},"loc":{"start":{"line":76,"column":53},"end":{"line":85,"column":3}}},"6":{"name":"(anonymous_15)","decl":{"start":{"line":79,"column":4},"end":{"line":79,"column":5}},"loc":{"start":{"line":79,"column":58},"end":{"line":83,"column":5}}}},"branchMap":{"0":{"loc":{"start":{"line":32,"column":2},"end":{"line":34,"column":3}},"type":"if","locations":[{"start":{"line":32,"column":2},"end":{"line":34,"column":3}}]},"1":{"loc":{"start":{"line":43,"column":2},"end":{"line":45,"column":3}},"type":"if","locations":[{"start":{"line":43,"column":2},"end":{"line":45,"column":3}}]},"2":{"loc":{"start":{"line":80,"column":5},"end":{"line":80,"column":26}},"type":"if","locations":[{"start":{"line":80,"column":5},"end":{"line":80,"column":26}}]}},"s":{"0":10,"1":143,"2":10,"3":143,"4":0,"5":0,"6":0,"7":151,"8":151,"9":151,"10":151,"11":151,"12":151,"13":151,"14":151,"15":0,"16":151,"17":151,"18":151,"19":10},"f":{"0":10,"1":143,"2":0,"3":151,"4":151,"5":151,"6":151},"b":{"0":[10],"1":[0],"2":[0]}}
,"/app/server/src/functions/createSheet.ts": {"path":"/app/server/src/functions/createSheet.ts","statementMap":{"0":{"start":{"line":2,"column":0},"end":{"line":2,"column":60}},"1":{"start":{"line":3,"column":0},"end":{"line":3,"column":53}},"2":{"start":{"line":15,"column":28},"end":{"line":15,"column":46}},"3":{"start":{"line":16,"column":24},"end":{"line":16,"column":38}},"4":{"start":{"line":18,"column":18},"end":{"line":18,"column":48}},"5":{"start":{"line":19,"column":20},"end":{"line":19,"column":29}},"6":{"start":{"line":21,"column":1},"end":{"line":63,"column":2}},"7":{"start":{"line":23,"column":26},"end":{"line":25,"column":null}},"8":{"start":{"line":28,"column":29},"end":{"line":29,"column":null}},"9":{"start":{"line":34,"column":2},"end":{"line":37,"column":5}},"10":{"start":{"line":35,"column":15},"end":{"line":35,"column":57}},"11":{"start":{"line":36,"column":3},"end":{"line":36,"column":36}},"12":{"start":{"line":40,"column":24},"end":{"line":45,"column":4}},"13":{"start":{"line":41,"column":22},"end":{"line":41,"column":65}},"14":{"start":{"line":42,"column":3},"end":{"line":42,"column":69}},"15":{"start":{"line":44,"column":3},"end":{"line":44,"column":38}},"16":{"start":{"line":48,"column":20},"end":{"line":48,"column":48}},"17":{"start":{"line":51,"column":2},"end":{"line":53,"column":3}},"18":{"start":{"line":52,"column":3},"end":{"line":52,"column":54}},"19":{"start":{"line":55,"column":28},"end":{"line":57,"column":null}},"20":{"start":{"line":60,"column":2},"end":{"line":60,"column":44}},"21":{"start":{"line":62,"column":2},"end":{"line":62,"column":14}},"22":{"start":{"line":65,"column":9},"end":{"line":65,"column":20}}},"fnMap":{"0":{"name":"createSheet","decl":{"start":{"line":14,"column":15},"end":{"line":14,"column":26}},"loc":{"start":{"line":14,"column":45},"end":{"line":64,"column":null}}},"1":{"name":"(anonymous_10)","decl":{"start":{"line":34,"column":53},"end":{"line":34,"column":54}},"loc":{"start":{"line":34,"column":61},"end":{"line":37,"column":3}}},"2":{"name":"(anonymous_11)","decl":{"start":{"line":40,"column":49},"end":{"line":40,"column":50}},"loc":{"start":{"line":40,"column":57},"end":{"line":45,"column":3}}}},"branchMap":{"0":{"loc":{"start":{"line":44,"column":10},"end":{"line":44,"column":37}},"type":"binary-expr","locations":[{"start":{"line":44,"column":10},"end":{"line":44,"column":32}},{"start":{"line":44,"column":36},"end":{"line":44,"column":37}}]},"1":{"loc":{"start":{"line":51,"column":2},"end":{"line":53,"column":3}},"type":"if","locations":[{"start":{"line":51,"column":2},"end":{"line":53,"column":3}}]}},"s":{"0":2,"1":2,"2":2,"3":2,"4":2,"5":2,"6":2,"7":2,"8":2,"9":2,"10":0,"11":0,"12":2,"13":0,"14":0,"15":0,"16":2,"17":2,"18":0,"19":2,"20":2,"21":0,"22":2},"f":{"0":2,"1":0,"2":0},"b":{"0":[0,0],"1":[0]}}
,"/app/server/src/functions/deleteSheet.ts": {"path":"/app/server/src/functions/deleteSheet.ts","statementMap":{"0":{"start":{"line":2,"column":0},"end":{"line":2,"column":60}},"1":{"start":{"line":3,"column":0},"end":{"line":3,"column":53}},"2":{"start":{"line":15,"column":28},"end":{"line":15,"column":46}},"3":{"start":{"line":16,"column":24},"end":{"line":16,"column":38}},"4":{"start":{"line":19,"column":18},"end":{"line":19,"column":48}},"5":{"start":{"line":22,"column":19},"end":{"line":22,"column":68}},"6":{"start":{"line":24,"column":1},"end":{"line":24,"column":48}},"7":{"start":{"line":27,"column":9},"end":{"line":27,"column":20}}},"fnMap":{"0":{"name":"deleteSheet","decl":{"start":{"line":14,"column":15},"end":{"line":14,"column":26}},"loc":{"start":{"line":14,"column":45},"end":{"line":25,"column":null}}}},"branchMap":{},"s":{"0":2,"1":2,"2":3,"3":3,"4":3,"5":3,"6":3,"7":2},"f":{"0":3},"b":{}}
,"/app/server/src/functions/getPublishers.ts": {"path":"/app/server/src/functions/getPublishers.ts","statementMap":{"0":{"start":{"line":2,"column":0},"end":{"line":2,"column":60}},"1":{"start":{"line":3,"column":0},"end":{"line":3,"column":53}},"2":{"start":{"line":12,"column":35},"end":{"line":12,"column":37}},"3":{"start":{"line":20,"column":30},"end":{"line":20,"column":61}},"4":{"start":{"line":21,"column":18},"end":{"line":21,"column":48}},"5":{"start":{"line":23,"column":27},"end":{"line":24,"column":null}},"6":{"start":{"line":28,"column":1},"end":{"line":37,"column":4}},"7":{"start":{"line":29,"column":34},"end":{"line":34,"column":4}},"8":{"start":{"line":36,"column":2},"end":{"line":36,"column":33}},"9":{"start":{"line":39,"column":1},"end":{"line":39,"column":19}},"10":{"start":{"line":42,"column":9},"end":{"line":42,"column":22}}},"fnMap":{"0":{"name":"getPublishers","decl":{"start":{"line":11,"column":15},"end":{"line":11,"column":28}},"loc":{"start":{"line":11,"column":28},"end":{"line":40,"column":null}}},"1":{"name":"(anonymous_10)","decl":{"start":{"line":28,"column":27},"end":{"line":28,"column":28}},"loc":{"start":{"line":28,"column":41},"end":{"line":37,"column":2}}}},"branchMap":{},"s":{"0":3,"1":3,"2":2,"3":2,"4":2,"5":2,"6":2,"7":12,"8":12,"9":2,"10":3},"f":{"0":2,"1":12},"b":{}}
,"/app/server/src/functions/getSheets.ts": {"path":"/app/server/src/functions/getSheets.ts","statementMap":{"0":{"start":{"line":2,"column":0},"end":{"line":2,"column":60}},"1":{"start":{"line":3,"column":0},"end":{"line":3,"column":53}},"2":{"start":{"line":17,"column":31},"end":{"line":17,"column":33}},"3":{"start":{"line":18,"column":28},"end":{"line":18,"column":46}},"4":{"start":{"line":21,"column":18},"end":{"line":21,"column":48}},"5":{"start":{"line":24,"column":19},"end":{"line":24,"column":55}},"6":{"start":{"line":26,"column":14},"end":{"line":26,"column":60}},"7":{"start":{"line":29,"column":1},"end":{"line":38,"column":4}},"8":{"start":{"line":30,"column":33},"end":{"line":35,"column":4}},"9":{"start":{"line":37,"column":2},"end":{"line":37,"column":28}},"10":{"start":{"line":40,"column":1},"end":{"line":40,"column":15}},"11":{"start":{"line":43,"column":9},"end":{"line":43,"column":18}}},"fnMap":{"0":{"name":"getSheets","decl":{"start":{"line":16,"column":15},"end":{"line":16,"column":24}},"loc":{"start":{"line":16,"column":43},"end":{"line":41,"column":null}}},"1":{"name":"(anonymous_10)","decl":{"start":{"line":29,"column":16},"end":{"line":29,"column":17}},"loc":{"start":{"line":29,"column":26},"end":{"line":38,"column":2}}}},"branchMap":{},"s":{"0":4,"1":4,"2":5,"3":5,"4":5,"5":5,"6":5,"7":5,"8":8,"9":8,"10":5,"11":4},"f":{"0":5,"1":8},"b":{}}
,"/app/server/src/functions/getUpdatesForPublished.ts": {"path":"/app/server/src/functions/getUpdatesForPublished.ts","statementMap":{"0":{"start":{"line":2,"column":0},"end":{"line":2,"column":53}},"1":{"start":{"line":3,"column":0},"end":{"line":3,"column":44}},"2":{"start":{"line":16,"column":24},"end":{"line":16,"column":38}},"3":{"start":{"line":17,"column":28},"end":{"line":17,"column":46}},"4":{"start":{"line":18,"column":18},"end":{"line":18,"column":39}},"5":{"start":{"line":20,"column":21},"end":{"line":20,"column":85}},"6":{"start":{"line":22,"column":1},"end":{"line":22,"column":54}},"7":{"start":{"line":25,"column":9},"end":{"line":25,"column":31}}},"fnMap":{"0":{"name":"getUpdatesForPublished","decl":{"start":{"line":15,"column":15},"end":{"line":15,"column":37}},"loc":{"start":{"line":15,"column":56},"end":{"line":23,"column":null}}}},"branchMap":{},"s":{"0":3,"1":3,"2":10,"3":10,"4":10,"5":10,"6":10,"7":3},"f":{"0":10},"b":{}}
,"/app/server/src/functions/getUpdatesForSubscription.ts": {"path":"/app/server/src/functions/getUpdatesForSubscription.ts","statementMap":{"0":{"start":{"line":2,"column":0},"end":{"line":2,"column":44}},"1":{"start":{"line":3,"column":0},"end":{"line":3,"column":53}},"2":{"start":{"line":4,"column":0},"end":{"line":4,"column":46}},"3":{"start":{"line":21,"column":24},"end":{"line":21,"column":38}},"4":{"start":{"line":22,"column":28},"end":{"line":22,"column":46}},"5":{"start":{"line":23,"column":18},"end":{"line":23,"column":39}},"6":{"start":{"line":24,"column":25},"end":{"line":29,"column":3}},"7":{"start":{"line":31,"column":1},"end":{"line":41,"column":2}},"8":{"start":{"line":32,"column":2},"end":{"line":32,"column":29}},"9":{"start":{"line":33,"column":22},"end":{"line":35,"column":null}},"10":{"start":{"line":37,"column":2},"end":{"line":37,"column":28}},"11":{"start":{"line":38,"column":2},"end":{"line":38,"column":18}},"12":{"start":{"line":40,"column":2},"end":{"line":40,"column":17}},"13":{"start":{"line":43,"column":21},"end":{"line":46,"column":null}},"14":{"start":{"line":49,"column":1},"end":{"line":49,"column":48}},"15":{"start":{"line":52,"column":9},"end":{"line":52,"column":34}}},"fnMap":{"0":{"name":"getUpdatesForSubscription","decl":{"start":{"line":18,"column":15},"end":{"line":18,"column":40}},"loc":{"start":{"line":19,"column":19},"end":{"line":50,"column":null}}}},"branchMap":{"0":{"loc":{"start":{"line":31,"column":1},"end":{"line":41,"column":2}},"type":"if","locations":[{"start":{"line":31,"column":1},"end":{"line":41,"column":2}}]}},"s":{"0":4,"1":4,"2":4,"3":11,"4":11,"5":11,"6":11,"7":11,"8":5,"9":5,"10":5,"11":5,"12":5,"13":6,"14":6,"15":4},"f":{"0":11},"b":{"0":[5]}}
,"/app/server/src/functions/register.ts": {"path":"/app/server/src/functions/register.ts","statementMap":{"0":{"start":{"line":1,"column":0},"end":{"line":1,"column":60}},"1":{"start":{"line":2,"column":0},"end":{"line":2,"column":53}},"2":{"start":{"line":14,"column":18},"end":{"line":14,"column":48}},"3":{"start":{"line":15,"column":19},"end":{"line":15,"column":53}},"4":{"start":{"line":17,"column":1},"end":{"line":21,"column":2}},"5":{"start":{"line":18,"column":2},"end":{"line":18,"column":36}},"6":{"start":{"line":20,"column":2},"end":{"line":20,"column":46}},"7":{"start":{"line":23,"column":9},"end":{"line":23,"column":17}}},"fnMap":{"0":{"name":"register","decl":{"start":{"line":13,"column":15},"end":{"line":13,"column":23}},"loc":{"start":{"line":13,"column":40},"end":{"line":22,"column":null}}}},"branchMap":{},"s":{"0":2,"1":2,"2":2,"3":2,"4":2,"5":2,"6":0,"7":2},"f":{"0":2},"b":{}}
,"/app/server/src/functions/updatePublished.ts": {"path":"/app/server/src/functions/updatePublished.ts","statementMap":{"0":{"start":{"line":2,"column":0},"end":{"line":2,"column":60}},"1":{"start":{"line":3,"column":0},"end":{"line":3,"column":53}},"2":{"start":{"line":4,"column":0},"end":{"line":4,"column":46}},"3":{"start":{"line":6,"column":0},"end":{"line":6,"column":46}},"4":{"start":{"line":18,"column":28},"end":{"line":18,"column":46}},"5":{"start":{"line":19,"column":24},"end":{"line":19,"column":38}},"6":{"start":{"line":20,"column":24},"end":{"line":20,"column":40}},"7":{"start":{"line":22,"column":18},"end":{"line":22,"column":48}},"8":{"start":{"line":24,"column":21},"end":{"line":27,"column":null}},"9":{"start":{"line":30,"column":1},"end":{"line":33,"column":2}},"10":{"start":{"line":31,"column":2},"end":{"line":31,"column":23}},"11":{"start":{"line":32,"column":2},"end":{"line":32,"column":44}},"12":{"start":{"line":35,"column":1},"end":{"line":56,"column":2}},"13":{"start":{"line":36,"column":2},"end":{"line":36,"column":50}},"14":{"start":{"line":39,"column":32},"end":{"line":40,"column":null}},"15":{"start":{"line":44,"column":3},"end":{"line":44,"column":64}},"16":{"start":{"line":45,"column":2},"end":{"line":45,"column":29}},"17":{"start":{"line":46,"column":2},"end":{"line":51,"column":4}},"18":{"start":{"line":55,"column":2},"end":{"line":55,"column":14}},"19":{"start":{"line":59,"column":9},"end":{"line":59,"column":24}}},"fnMap":{"0":{"name":"updatePublished","decl":{"start":{"line":17,"column":15},"end":{"line":17,"column":30}},"loc":{"start":{"line":17,"column":49},"end":{"line":57,"column":null}}}},"branchMap":{"0":{"loc":{"start":{"line":30,"column":1},"end":{"line":33,"column":2}},"type":"if","locations":[{"start":{"line":30,"column":1},"end":{"line":33,"column":2}}]},"1":{"loc":{"start":{"line":44,"column":3},"end":{"line":44,"column":64}},"type":"cond-expr","locations":[{"start":{"line":44,"column":24},"end":{"line":44,"column":60}},{"start":{"line":44,"column":63},"end":{"line":44,"column":64}}]}},"s":{"0":2,"1":2,"2":2,"3":2,"4":8,"5":8,"6":8,"7":8,"8":8,"9":8,"10":0,"11":0,"12":8,"13":8,"14":8,"15":8,"16":8,"17":8,"18":0,"19":2},"f":{"0":8},"b":{"0":[0],"1":[8,0]}}
,"/app/server/src/functions/updateSubscription.ts": {"path":"/app/server/src/functions/updateSubscription.ts","statementMap":{"0":{"start":{"line":2,"column":0},"end":{"line":2,"column":60}},"1":{"start":{"line":3,"column":0},"end":{"line":3,"column":53}},"2":{"start":{"line":5,"column":0},"end":{"line":5,"column":46}},"3":{"start":{"line":20,"column":28},"end":{"line":20,"column":46}},"4":{"start":{"line":21,"column":24},"end":{"line":21,"column":38}},"5":{"start":{"line":22,"column":24},"end":{"line":22,"column":40}},"6":{"start":{"line":24,"column":18},"end":{"line":24,"column":48}},"7":{"start":{"line":26,"column":21},"end":{"line":30,"column":null}},"8":{"start":{"line":33,"column":1},"end":{"line":40,"column":2}},"9":{"start":{"line":34,"column":2},"end":{"line":36,"column":3}},"10":{"start":{"line":35,"column":3},"end":{"line":35,"column":45}},"11":{"start":{"line":37,"column":2},"end":{"line":37,"column":50}},"12":{"start":{"line":39,"column":2},"end":{"line":39,"column":14}},"13":{"start":{"line":43,"column":9},"end":{"line":43,"column":27}}},"fnMap":{"0":{"name":"updateSubscription","decl":{"start":{"line":16,"column":15},"end":{"line":16,"column":33}},"loc":{"start":{"line":18,"column":19},"end":{"line":41,"column":null}}}},"branchMap":{"0":{"loc":{"start":{"line":34,"column":2},"end":{"line":36,"column":3}},"type":"if","locations":[{"start":{"line":34,"column":2},"end":{"line":36,"column":3}}]}},"s":{"0":2,"1":2,"2":2,"3":9,"4":9,"5":9,"6":9,"7":9,"8":9,"9":9,"10":0,"11":9,"12":0,"13":2},"f":{"0":9},"b":{"0":[0]}}
,"/app/test/utils.ts": {"path":"/app/test/utils.ts","statementMap":{"0":{"start":{"line":8,"column":0},"end":{"line":8,"column":71}},"1":{"start":{"line":9,"column":0},"end":{"line":9,"column":46}},"2":{"start":{"line":29,"column":1},"end":{"line":34,"column":15}},"3":{"start":{"line":47,"column":9},"end":{"line":47,"column":35}},"4":{"start":{"line":43,"column":18},"end":{"line":43,"column":48}},"5":{"start":{"line":44,"column":2},"end":{"line":44,"column":55}},"6":{"start":{"line":47,"column":37},"end":{"line":47,"column":44}}},"fnMap":{"0":{"name":"assembleTestArgumentObject","decl":{"start":{"line":23,"column":9},"end":{"line":23,"column":35}},"loc":{"start":{"line":27,"column":17},"end":{"line":35,"column":1}}},"1":{"name":"setupDB","decl":{"start":{"line":42,"column":15},"end":{"line":42,"column":22}},"loc":{"start":{"line":42,"column":22},"end":{"line":45,"column":null}}}},"branchMap":{},"s":{"0":10,"1":10,"2":68,"3":10,"4":51,"5":51,"6":10},"f":{"0":68,"1":51},"b":{}}
,"/app/types/queries.ts": {"path":"/app/types/queries.ts","statementMap":{"0":{"start":{"line":13,"column":2},"end":{"line":16,"column":69}},"1":{"start":{"line":26,"column":2},"end":{"line":26,"column":66}},"2":{"start":{"line":36,"column":2},"end":{"line":36,"column":81}},"3":{"start":{"line":47,"column":2},"end":{"line":50,"column":33}},"4":{"start":{"line":59,"column":2},"end":{"line":62,"column":44}},"5":{"start":{"line":71,"column":2},"end":{"line":71,"column":43}},"6":{"start":{"line":80,"column":2},"end":{"line":82,"column":49}},"7":{"start":{"line":95,"column":2},"end":{"line":95,"column":74}},"8":{"start":{"line":108,"column":2},"end":{"line":108,"column":73}},"9":{"start":{"line":122,"column":2},"end":{"line":126,"column":76}},"10":{"start":{"line":135,"column":2},"end":{"line":136,"column":37}},"11":{"start":{"line":148,"column":2},"end":{"line":153,"column":4}},"12":{"start":{"line":167,"column":2},"end":{"line":173,"column":4}},"13":{"start":{"line":188,"column":2},"end":{"line":194,"column":90}},"14":{"start":{"line":198,"column":2},"end":{"line":200,"column":81}},"15":{"start":{"line":204,"column":2},"end":{"line":206,"column":31}},"16":{"start":{"line":210,"column":2},"end":{"line":210,"column":29}},"17":{"start":{"line":6,"column":0},"end":{"line":6,"column":21}}},"fnMap":{"0":{"name":"(anonymous_0)","decl":{"start":{"line":12,"column":1},"end":{"line":12,"column":7}},"loc":{"start":{"line":12,"column":63},"end":{"line":17,"column":2}}},"1":{"name":"(anonymous_1)","decl":{"start":{"line":25,"column":1},"end":{"line":25,"column":7}},"loc":{"start":{"line":25,"column":32},"end":{"line":27,"column":2}}},"2":{"name":"(anonymous_2)","decl":{"start":{"line":35,"column":1},"end":{"line":35,"column":7}},"loc":{"start":{"line":35,"column":33},"end":{"line":37,"column":2}}},"3":{"name":"(anonymous_3)","decl":{"start":{"line":46,"column":1},"end":{"line":46,"column":7}},"loc":{"start":{"line":46,"column":59},"end":{"line":51,"column":2}}},"4":{"name":"(anonymous_4)","decl":{"start":{"line":58,"column":1},"end":{"line":58,"column":7}},"loc":{"start":{"line":58,"column":56},"end":{"line":63,"column":2}}},"5":{"name":"(anonymous_5)","decl":{"start":{"line":70,"column":1},"end":{"line":70,"column":7}},"loc":{"start":{"line":70,"column":21},"end":{"line":72,"column":2}}},"6":{"name":"(anonymous_6)","decl":{"start":{"line":79,"column":1},"end":{"line":79,"column":7}},"loc":{"start":{"line":79,"column":35},"end":{"line":83,"column":2}}},"7":{"name":"(anonymous_7)","decl":{"start":{"line":90,"column":1},"end":{"line":90,"column":7}},"loc":{"start":{"line":93,"column":12},"end":{"line":96,"column":2}}},"8":{"name":"(anonymous_8)","decl":{"start":{"line":103,"column":1},"end":{"line":103,"column":7}},"loc":{"start":{"line":106,"column":12},"end":{"line":109,"column":2}}},"9":{"name":"(anonymous_9)","decl":{"start":{"line":116,"column":1},"end":{"line":116,"column":7}},"loc":{"start":{"line":120,"column":18},"end":{"line":127,"column":2}}},"10":{"name":"(anonymous_10)","decl":{"start":{"line":134,"column":1},"end":{"line":134,"column":7}},"loc":{"start":{"line":134,"column":54},"end":{"line":137,"column":2}}},"11":{"name":"(anonymous_11)","decl":{"start":{"line":143,"column":1},"end":{"line":143,"column":7}},"loc":{"start":{"line":146,"column":17},"end":{"line":154,"column":2}}},"12":{"name":"(anonymous_12)","decl":{"start":{"line":161,"column":1},"end":{"line":161,"column":7}},"loc":{"start":{"line":165,"column":25},"end":{"line":174,"column":2}}},"13":{"name":"(anonymous_13)","decl":{"start":{"line":181,"column":1},"end":{"line":181,"column":7}},"loc":{"start":{"line":186,"column":42},"end":{"line":195,"column":2}}},"14":{"name":"(anonymous_14)","decl":{"start":{"line":197,"column":1},"end":{"line":197,"column":7}},"loc":{"start":{"line":197,"column":55},"end":{"line":201,"column":2}}},"15":{"name":"(anonymous_15)","decl":{"start":{"line":203,"column":1},"end":{"line":203,"column":7}},"loc":{"start":{"line":203,"column":26},"end":{"line":207,"column":2}}},"16":{"name":"(anonymous_16)","decl":{"start":{"line":209,"column":1},"end":{"line":209,"column":7}},"loc":{"start":{"line":209,"column":20},"end":{"line":211,"column":2}}}},"branchMap":{"0":{"loc":{"start":{"line":186,"column":2},"end":{"line":186,"column":42}},"type":"default-arg","locations":[{"start":{"line":186,"column":28},"end":{"line":186,"column":42}}]}},"s":{"0":2,"1":13,"2":2,"3":2,"4":3,"5":2,"6":5,"7":10,"8":14,"9":24,"10":1,"11":8,"12":9,"13":17,"14":13,"15":4,"16":51,"17":10},"f":{"0":2,"1":13,"2":2,"3":2,"4":3,"5":2,"6":5,"7":10,"8":14,"9":24,"10":1,"11":8,"12":9,"13":17,"14":13,"15":4,"16":51},"b":{"0":[8]}}
}
