TN:
SF:client/src/utils.ts
FN:13,(anonymous_7)
FN:18,(anonymous_8)
FNF:2
FNH:2
FNDA:4,(anonymous_7)
FNDA:4,(anonymous_8)
DA:13,1
DA:18,4
DA:20,4
DA:21,4
DA:23,4
DA:24,0
DA:28,4
DA:34,4
DA:35,1
DA:41,4
DA:42,4
DA:45,3
DA:46,0
DA:47,0
DA:51,3
DA:54,0
DA:55,0
DA:57,0
DA:58,0
DA:59,0
DA:61,0
DA:62,0
DA:66,0
DA:67,0
DA:69,0
DA:72,0
DA:73,0
DA:77,0
DA:80,4
LF:29
LH:13
BRDA:15,0,0,0
BRDA:23,1,0,0
BRDA:23,2,0,4
BRDA:23,2,1,4
BRDA:34,3,0,1
BRDA:34,4,0,4
BRDA:34,4,1,1
BRDA:45,5,0,0
BRDA:46,6,0,0
BRDA:46,6,1,0
BRDA:46,7,0,0
BRDA:46,7,1,0
BRDA:54,8,0,0
BRDA:54,8,1,0
BRDA:54,9,0,0
BRDA:54,9,1,0
BRDA:54,10,0,0
BRDA:54,10,1,0
BRDA:66,11,0,0
BRDA:66,11,1,0
BRDA:67,12,0,0
BRDA:67,12,1,0
BRDA:67,13,0,0
BRDA:67,13,1,0
BRDA:69,14,0,0
BRDA:69,14,1,0
BRDA:69,15,0,0
BRDA:69,15,1,0
BRDA:73,16,0,0
BRDA:73,16,1,0
BRDA:73,17,0,0
BRDA:73,17,1,0
BRF:32
BRH:5
end_of_record
TN:
SF:client/src/functions/Evaluator.ts
FN:15,(anonymous_0)
FN:17,(anonymous_1)
FN:25,(anonymous_2)
FN:29,(anonymous_3)
FN:42,(anonymous_4)
FN:52,(anonymous_5)
FN:80,(anonymous_6)
FN:89,(anonymous_7)
FN:90,(anonymous_8)
FN:91,(anonymous_9)
FN:117,(anonymous_10)
FN:118,(anonymous_11)
FN:121,(anonymous_12)
FNF:13
FNH:6
FNDA:1,(anonymous_0)
FNDA:1,(anonymous_1)
FNDA:0,(anonymous_2)
FNDA:4,(anonymous_3)
FNDA:3,(anonymous_4)
FNDA:0,(anonymous_5)
FNDA:2,(anonymous_6)
FNDA:1,(anonymous_7)
FNDA:0,(anonymous_8)
FNDA:0,(anonymous_9)
FNDA:0,(anonymous_10)
FNDA:0,(anonymous_11)
FNDA:0,(anonymous_12)
DA:1,1
DA:13,1
DA:18,1
DA:19,1
DA:22,1
DA:26,0
DA:30,4
DA:31,3
DA:32,1
DA:33,0
DA:34,1
DA:35,0
DA:36,1
DA:37,0
DA:38,0
DA:39,0
DA:40,0
DA:41,1
DA:42,3
DA:43,1
DA:44,1
DA:45,0
DA:46,0
DA:48,0
DA:53,0
DA:55,0
DA:57,0
DA:59,0
DA:61,0
DA:62,0
DA:64,0
DA:66,0
DA:68,0
DA:70,0
DA:72,0
DA:74,0
DA:76,0
DA:81,2
DA:82,2
DA:83,2
DA:85,0
DA:90,1
DA:91,0
DA:94,1
DA:96,1
DA:100,0
DA:102,0
DA:104,0
DA:106,0
DA:108,0
DA:110,0
DA:111,0
DA:113,0
DA:118,0
DA:122,0
DA:126,1
LF:56
LH:21
BRDA:18,0,0,1
BRDA:30,1,0,3
BRDA:30,1,1,1
BRDA:32,2,0,0
BRDA:32,2,1,1
BRDA:34,3,0,0
BRDA:34,3,1,1
BRDA:35,4,0,0
BRDA:35,4,1,0
BRDA:35,5,0,0
BRDA:35,5,1,0
BRDA:36,6,0,0
BRDA:36,6,1,1
BRDA:40,7,0,0
BRDA:40,7,1,0
BRDA:41,8,0,1
BRDA:41,8,1,0
BRDA:44,9,0,1
BRDA:44,9,1,0
BRDA:45,10,0,0
BRDA:45,10,1,0
BRDA:53,11,0,0
BRDA:53,11,1,0
BRDA:53,11,2,0
BRDA:53,11,3,0
BRDA:53,11,4,0
BRDA:53,11,5,0
BRDA:53,11,6,0
BRDA:53,11,7,0
BRDA:53,11,8,0
BRDA:53,11,9,0
BRDA:53,11,10,0
BRDA:61,12,0,0
BRDA:64,13,0,0
BRDA:64,13,1,0
BRDA:66,14,0,0
BRDA:66,14,1,0
BRDA:68,15,0,0
BRDA:68,15,1,0
BRDA:70,16,0,0
BRDA:70,16,1,0
BRDA:72,17,0,0
BRDA:72,17,1,0
BRDA:74,18,0,0
BRDA:74,18,1,0
BRDA:82,19,0,2
BRDA:82,19,1,0
BRDA:94,20,0,1
BRDA:94,20,1,0
BRDA:94,20,2,0
BRDA:94,20,3,0
BRDA:94,20,4,0
BRDA:94,20,5,0
BRDA:94,20,6,0
BRDA:94,20,7,0
BRDA:96,21,0,1
BRDA:96,21,1,0
BRF:57
BRH:11
end_of_record
TN:
SF:client/src/functions/Nodes.ts
FN:4,(anonymous_0)
FN:8,(anonymous_1)
FN:12,(anonymous_2)
FN:16,(anonymous_3)
FN:20,(anonymous_4)
FN:24,(anonymous_5)
FNF:6
FNH:2
FNDA:16,(anonymous_0)
FNDA:0,(anonymous_1)
FNDA:0,(anonymous_2)
FNDA:0,(anonymous_3)
FNDA:6,(anonymous_4)
FNDA:0,(anonymous_5)
DA:4,16
DA:8,0
DA:12,0
DA:16,0
DA:20,6
DA:24,0
DA:28,2
DA:29,2
DA:30,2
DA:31,2
DA:32,2
DA:33,2
LF:12
LH:8
BRF:0
BRH:0
end_of_record
TN:
SF:client/src/functions/Parser.ts
FN:21,(anonymous_1)
FN:27,(anonymous_2)
FN:40,(anonymous_3)
FN:54,(anonymous_4)
FN:59,(anonymous_5)
FN:69,(anonymous_6)
FN:91,(anonymous_7)
FN:105,(anonymous_8)
FN:112,(anonymous_9)
FN:120,(anonymous_10)
FN:135,(anonymous_11)
FN:139,(anonymous_12)
FN:143,(anonymous_13)
FN:147,(anonymous_14)
FN:151,(anonymous_15)
FNF:15
FNH:10
FNDA:2,(anonymous_1)
FNDA:6,(anonymous_2)
FNDA:3,(anonymous_3)
FNDA:0,(anonymous_4)
FNDA:6,(anonymous_5)
FNDA:11,(anonymous_6)
FNDA:8,(anonymous_7)
FNDA:0,(anonymous_8)
FNDA:0,(anonymous_9)
FNDA:3,(anonymous_10)
FNDA:8,(anonymous_11)
FNDA:0,(anonymous_12)
FNDA:0,(anonymous_13)
FNDA:8,(anonymous_14)
FNDA:11,(anonymous_15)
DA:1,2
DA:10,2
DA:22,2
DA:23,2
DA:28,6
DA:29,2
DA:31,6
DA:41,3
DA:42,3
DA:43,3
DA:44,22
DA:47,3
DA:50,3
DA:51,3
DA:55,0
DA:56,0
DA:60,6
DA:61,6
DA:63,0
DA:70,11
DA:71,11
DA:72,3
DA:73,8
DA:74,8
DA:75,8
DA:76,0
DA:77,0
DA:78,0
DA:79,0
DA:80,0
DA:81,0
DA:82,0
DA:83,0
DA:84,0
DA:85,0
DA:87,0
DA:92,8
DA:93,8
DA:97,0
DA:98,0
DA:99,0
DA:100,0
DA:102,8
DA:106,0
DA:107,0
DA:108,0
DA:109,0
DA:113,0
DA:114,0
DA:115,0
DA:116,0
DA:117,0
DA:121,3
DA:122,3
DA:123,3
DA:124,3
DA:125,3
DA:126,8
DA:127,8
DA:128,5
DA:131,3
DA:132,3
DA:136,8
DA:140,0
DA:144,0
DA:148,8
DA:152,11
DA:156,2
LF:68
LH:39
BRDA:28,0,0,2
BRDA:47,1,0,0
BRDA:47,1,1,3
BRDA:47,2,0,3
BRDA:47,2,1,3
BRDA:60,3,0,6
BRDA:60,3,1,0
BRDA:71,4,0,3
BRDA:71,4,1,8
BRDA:73,5,0,8
BRDA:73,5,1,0
BRDA:76,6,0,0
BRDA:76,6,1,0
BRDA:79,7,0,0
BRDA:79,7,1,0
BRDA:81,8,0,0
BRDA:81,8,1,0
BRDA:83,9,0,0
BRDA:83,9,1,0
BRDA:94,10,0,8
BRDA:94,10,1,8
BRDA:127,11,0,5
BRF:22
BRH:11
end_of_record
TN:
SF:client/src/functions/Tokenizer.ts
FN:26,(anonymous_0)
FN:34,(anonymous_1)
FN:46,(anonymous_2)
FN:83,(anonymous_3)
FNF:4
FNH:4
FNDA:57,(anonymous_0)
FNDA:4,(anonymous_1)
FNDA:51,(anonymous_2)
FNDA:150,(anonymous_3)
DA:8,3
DA:27,57
DA:28,3
DA:30,57
DA:35,4
DA:36,4
DA:47,51
DA:48,51
DA:49,51
DA:50,51
DA:52,51
DA:53,129
DA:54,129
DA:55,128
DA:56,128
DA:57,14
DA:58,114
DA:59,13
DA:60,13
DA:61,1
DA:65,1
DA:70,49
DA:71,2
DA:74,47
DA:84,150
DA:85,150
DA:86,736
DA:87,736
DA:88,148
DA:89,148
DA:90,133
DA:92,15
DA:96,2
DA:100,3
LF:34
LH:34
BRDA:27,0,0,3
BRDA:54,1,0,128
BRDA:54,1,1,1
BRDA:56,2,0,14
BRDA:56,2,1,114
BRDA:58,3,0,13
BRDA:60,4,0,1
BRDA:70,5,0,2
BRDA:87,6,0,148
BRDA:89,7,0,133
BRDA:89,7,1,15
BRF:11
BRH:11
end_of_record
TN:
SF:server/src/app.ts
FN:59,(anonymous_8)
FN:59,(anonymous_9)
FN:95,(anonymous_10)
FN:95,(anonymous_11)
FN:104,(anonymous_12)
FN:104,(anonymous_13)
FN:117,(anonymous_14)
FN:117,(anonymous_15)
FN:126,(anonymous_16)
FN:126,(anonymous_17)
FN:144,(anonymous_18)
FN:144,(anonymous_19)
FN:156,(anonymous_20)
FN:156,(anonymous_21)
FN:173,(anonymous_22)
FN:173,(anonymous_23)
FN:189,(anonymous_24)
FN:189,(anonymous_25)
FN:216,(anonymous_26)
FNF:19
FNH:14
FNDA:3,(anonymous_8)
FNDA:3,(anonymous_9)
FNDA:0,(anonymous_10)
FNDA:0,(anonymous_11)
FNDA:2,(anonymous_12)
FNDA:2,(anonymous_13)
FNDA:2,(anonymous_14)
FNDA:2,(anonymous_15)
FNDA:3,(anonymous_16)
FNDA:3,(anonymous_17)
FNDA:0,(anonymous_18)
FNDA:0,(anonymous_19)
FNDA:3,(anonymous_20)
FNDA:3,(anonymous_21)
FNDA:3,(anonymous_22)
FNDA:3,(anonymous_23)
FNDA:4,(anonymous_24)
FNDA:4,(anonymous_25)
FNDA:0,(anonymous_26)
DA:1,1
DA:2,1
DA:4,1
DA:16,1
DA:27,1
DA:29,1
DA:30,1
DA:34,1
DA:37,1
DA:39,1
DA:43,1
DA:44,1
DA:59,3
DA:60,3
DA:61,3
DA:63,3
DA:65,3
DA:66,3
DA:69,3
DA:70,1
DA:73,1
DA:74,1
DA:76,2
DA:77,1
DA:78,1
DA:81,1
DA:82,1
DA:83,1
DA:86,0
DA:95,1
DA:96,0
DA:104,2
DA:105,2
DA:106,1
DA:108,1
DA:117,2
DA:118,2
DA:126,3
DA:127,3
DA:131,1
DA:133,2
DA:142,1
DA:144,0
DA:145,0
DA:154,1
DA:156,3
DA:157,3
DA:161,1
DA:163,2
DA:173,3
DA:174,3
DA:178,1
DA:180,2
DA:189,4
DA:190,4
DA:192,4
DA:193,4
DA:197,2
DA:198,2
DA:201,2
DA:203,1
DA:205,1
DA:207,1
DA:209,1
DA:210,1
DA:212,1
DA:216,1
DA:217,0
DA:220,1
LF:69
LH:64
BRDA:69,0,0,1
BRDA:69,0,1,2
BRDA:69,1,0,3
BRDA:69,1,1,3
BRDA:69,1,2,3
BRDA:76,2,0,1
BRDA:105,3,0,1
BRDA:105,3,1,1
BRDA:127,4,0,1
BRDA:127,4,1,2
BRDA:128,5,0,3
BRDA:128,5,1,2
BRDA:157,6,0,1
BRDA:157,6,1,2
BRDA:158,7,0,3
BRDA:158,7,1,2
BRDA:174,8,0,1
BRDA:174,8,1,2
BRDA:175,9,0,3
BRDA:175,9,1,2
BRDA:193,10,0,2
BRDA:194,11,0,4
BRDA:194,11,1,3
BRF:23
BRH:23
end_of_record
TN:
SF:server/src/serverFunctionsExporter.ts
FN:12,(anonymous_0)
FN:13,(anonymous_1)
FN:14,(anonymous_2)
FN:15,(anonymous_3)
FN:16,(anonymous_4)
FN:17,(anonymous_5)
FN:18,(anonymous_6)
FN:19,(anonymous_7)
FN:20,(anonymous_8)
FNF:9
FNH:7
FNDA:1,(anonymous_0)
FNDA:2,(anonymous_1)
FNDA:0,(anonymous_2)
FNDA:1,(anonymous_3)
FNDA:1,(anonymous_4)
FNDA:1,(anonymous_5)
FNDA:0,(anonymous_6)
FNDA:1,(anonymous_7)
FNDA:1,(anonymous_8)
DA:1,1
DA:2,1
DA:3,1
DA:4,1
DA:5,1
DA:6,1
DA:7,1
DA:8,1
DA:9,1
DA:12,2
DA:13,3
DA:14,1
DA:15,2
DA:16,2
DA:17,2
DA:18,1
DA:19,2
DA:20,2
LF:18
LH:18
BRF:0
BRH:0
end_of_record
TN:
SF:server/src/utils.ts
FN:23,checkPayloadFormat
FN:26,(anonymous_9)
FN:35,isUserPublisher
FN:61,clientAndPublisherMatch
FN:92,getUpdatesHelper
FN:112,(anonymous_15)
FN:138,runEndpointFuntion
FN:169,sendError
FN:186,getArgument
FN:206,parseAuthHeader
FN:214,(anonymous_21)
FN:217,doesUserExist
FN:242,authenticate
FN:285,assembleResultObject
FNF:14
FNH:14
FNDA:17,checkPayloadFormat
FNDA:17,(anonymous_9)
FNDA:9,isUserPublisher
FNDA:11,clientAndPublisherMatch
FNDA:16,getUpdatesHelper
FNDA:19,(anonymous_15)
FNDA:6,runEndpointFuntion
FNDA:2,sendError
FNDA:7,getArgument
FNDA:36,parseAuthHeader
FNDA:72,(anonymous_21)
FNDA:3,doesUserExist
FNDA:12,authenticate
FNDA:14,assembleResultObject
DA:9,5
DA:12,5
DA:24,17
DA:26,17
DA:27,17
DA:29,17
DA:32,17
DA:36,9
DA:37,0
DA:40,9
DA:42,9
DA:44,9
DA:46,9
DA:48,9
DA:65,11
DA:66,0
DA:69,11
DA:70,0
DA:73,11
DA:74,11
DA:76,11
DA:96,16
DA:102,16
DA:103,16
DA:104,16
DA:106,16
DA:108,16
DA:110,16
DA:112,16
DA:113,19
DA:114,18
DA:120,16
DA:121,16
DA:122,16
DA:124,16
DA:126,16
DA:147,6
DA:148,1
DA:149,1
DA:152,5
DA:155,5
DA:156,5
DA:157,4
DA:159,0
DA:162,4
DA:163,4
DA:165,1
DA:170,2
DA:171,2
DA:172,2
DA:173,2
DA:187,7
DA:188,2
DA:191,5
DA:193,5
DA:207,36
DA:208,0
DA:211,36
DA:213,36
DA:214,72
DA:218,3
DA:219,0
DA:222,3
DA:224,3
DA:226,3
DA:228,3
DA:230,3
DA:243,12
DA:244,0
DA:258,12
DA:259,12
DA:261,12
DA:264,12
DA:265,12
DA:266,12
DA:268,0
DA:270,12
DA:290,14
DA:291,1
DA:294,14
DA:302,5
DA:303,5
DA:304,5
DA:305,5
DA:306,5
DA:307,5
DA:308,5
DA:309,5
DA:310,5
DA:311,5
DA:312,5
LF:91
LH:83
BRDA:36,0,0,0
BRDA:65,1,0,0
BRDA:69,2,0,0
BRDA:113,3,0,18
BRDA:114,4,0,8
BRDA:114,4,1,10
BRDA:123,5,0,12
BRDA:123,5,1,4
BRDA:147,6,0,1
BRDA:155,7,0,5
BRDA:155,7,1,0
BRDA:155,8,0,5
BRDA:155,8,1,5
BRDA:187,9,0,2
BRDA:207,10,0,0
BRDA:218,11,0,0
BRDA:218,12,0,3
BRDA:218,12,1,3
BRDA:228,13,0,2
BRDA:228,13,1,1
BRDA:243,14,0,0
BRDA:270,15,0,9
BRDA:270,15,1,3
BRDA:270,16,0,0
BRDA:270,16,1,12
BRDA:270,17,0,12
BRDA:270,17,1,12
BRDA:290,18,0,1
BRDA:290,19,0,14
BRDA:290,19,1,4
BRDA:297,20,0,3
BRDA:297,20,1,11
BRF:32
BRH:24
end_of_record
TN:
SF:server/src/database/HashStore.ts
FN:22,(anonymous_8)
FN:35,(anonymous_10)
FN:55,(anonymous_11)
FN:78,(anonymous_12)
FN:111,(anonymous_14)
FN:142,(anonymous_16)
FN:165,(anonymous_17)
FN:187,(anonymous_19)
FN:199,(anonymous_20)
FNF:9
FNH:9
FNDA:13,(anonymous_8)
FNDA:18,(anonymous_10)
FNDA:33,(anonymous_11)
FNDA:5,(anonymous_12)
FNDA:8,(anonymous_14)
FNDA:40,(anonymous_16)
FNDA:13,(anonymous_17)
FNDA:40,(anonymous_19)
FNDA:102,(anonymous_20)
DA:2,4
DA:3,4
DA:5,4
DA:6,4
DA:13,4
DA:24,13
DA:25,9
DA:28,4
DA:31,4
DA:35,4
DA:36,18
DA:37,18
DA:40,18
DA:43,18
DA:44,13
DA:48,18
DA:52,13
DA:55,18
DA:56,33
DA:61,33
DA:63,33
DA:82,5
DA:85,5
DA:86,0
DA:89,5
DA:91,5
DA:93,5
DA:96,11
DA:99,5
DA:117,8
DA:120,8
DA:121,0
DA:124,8
DA:126,8
DA:129,8
DA:130,1
DA:133,8
DA:134,7
DA:136,7
DA:138,7
DA:146,40
DA:147,40
DA:148,40
DA:150,40
DA:152,40
DA:170,13
DA:174,13
DA:188,40
DA:190,40
DA:191,40
DA:192,40
DA:193,40
DA:195,40
DA:196,40
DA:199,40
DA:200,102
DA:206,8
DA:207,8
DA:211,40
DA:212,8
DA:215,32
DA:220,32
LF:62
LH:60
BRDA:24,0,0,9
BRDA:43,1,0,13
BRDA:48,2,0,13
BRDA:49,3,0,18
BRDA:49,3,1,13
BRDA:85,4,0,0
BRDA:120,5,0,0
BRDA:129,6,0,1
BRDA:200,7,0,8
BRDA:201,8,0,102
BRDA:201,8,1,88
BRDA:201,8,2,12
BRDA:201,8,3,10
BRDA:211,9,0,8
BRDA:211,10,0,40
BRDA:211,10,1,8
BRDA:216,11,0,30
BRDA:216,11,1,2
BRDA:217,12,0,31
BRDA:217,12,1,1
BRF:20
BRH:18
end_of_record
TN:
SF:server/src/database/databaseInstance.ts
FN:21,(anonymous_8)
FN:31,(anonymous_9)
FN:42,(anonymous_10)
FN:50,(anonymous_11)
FN:73,(anonymous_12)
FN:76,(anonymous_14)
FN:79,(anonymous_15)
FNF:7
FNH:6
FNDA:10,(anonymous_8)
FNDA:143,(anonymous_9)
FNDA:0,(anonymous_10)
FNDA:151,(anonymous_11)
FNDA:151,(anonymous_12)
FNDA:151,(anonymous_14)
FNDA:151,(anonymous_15)
DA:1,10
DA:13,10
DA:32,143
DA:33,10
DA:36,143
DA:43,0
DA:44,0
DA:47,0
DA:51,151
DA:52,151
DA:58,151
DA:60,151
DA:74,151
DA:76,151
DA:77,151
DA:80,151
DA:82,151
DA:87,151
DA:89,151
LF:19
LH:16
BRDA:32,0,0,10
BRDA:43,1,0,0
BRDA:80,2,0,0
BRF:3
BRH:1
end_of_record
TN:
SF:server/src/functions/createSheet.ts
FN:14,createSheet
FN:34,(anonymous_10)
FN:40,(anonymous_11)
FNF:3
FNH:1
FNDA:2,createSheet
FNDA:0,(anonymous_10)
FNDA:0,(anonymous_11)
DA:2,2
DA:3,2
DA:15,2
DA:16,2
DA:18,2
DA:19,2
DA:21,2
DA:23,2
DA:28,2
DA:34,2
DA:35,0
DA:36,0
DA:40,2
DA:41,0
DA:42,0
DA:44,0
DA:48,2
DA:51,2
DA:52,0
DA:55,2
DA:60,2
DA:62,0
DA:65,2
LF:23
LH:16
BRDA:44,0,0,0
BRDA:44,0,1,0
BRDA:51,1,0,0
BRF:3
BRH:0
end_of_record
TN:
SF:server/src/functions/deleteSheet.ts
FN:14,deleteSheet
FNF:1
FNH:1
FNDA:3,deleteSheet
DA:2,2
DA:3,2
DA:15,3
DA:16,3
DA:19,3
DA:22,3
DA:24,3
DA:27,2
LF:8
LH:8
BRF:0
BRH:0
end_of_record
TN:
SF:server/src/functions/getPublishers.ts
FN:11,getPublishers
FN:28,(anonymous_10)
FNF:2
FNH:2
FNDA:2,getPublishers
FNDA:12,(anonymous_10)
DA:2,3
DA:3,3
DA:12,2
DA:20,2
DA:21,2
DA:23,2
DA:28,2
DA:29,12
DA:36,12
DA:39,2
DA:42,3
LF:11
LH:11
BRF:0
BRH:0
end_of_record
TN:
SF:server/src/functions/getSheets.ts
FN:16,getSheets
FN:29,(anonymous_10)
FNF:2
FNH:2
FNDA:5,getSheets
FNDA:8,(anonymous_10)
DA:2,4
DA:3,4
DA:17,5
DA:18,5
DA:21,5
DA:24,5
DA:26,5
DA:29,5
DA:30,8
DA:37,8
DA:40,5
DA:43,4
LF:12
LH:12
BRF:0
BRH:0
end_of_record
TN:
SF:server/src/functions/getUpdatesForPublished.ts
FN:15,getUpdatesForPublished
FNF:1
FNH:1
FNDA:10,getUpdatesForPublished
DA:2,3
DA:3,3
DA:16,10
DA:17,10
DA:18,10
DA:20,10
DA:22,10
DA:25,3
LF:8
LH:8
BRF:0
BRH:0
end_of_record
TN:
SF:server/src/functions/getUpdatesForSubscription.ts
FN:18,getUpdatesForSubscription
FNF:1
FNH:1
FNDA:11,getUpdatesForSubscription
DA:2,4
DA:3,4
DA:4,4
DA:21,11
DA:22,11
DA:23,11
DA:24,11
DA:31,11
DA:32,5
DA:33,5
DA:37,5
DA:38,5
DA:40,5
DA:43,6
DA:49,6
DA:52,4
LF:16
LH:16
BRDA:31,0,0,5
BRF:1
BRH:1
end_of_record
TN:
SF:server/src/functions/register.ts
FN:13,register
FNF:1
FNH:1
FNDA:2,register
DA:1,2
DA:2,2
DA:14,2
DA:15,2
DA:17,2
DA:18,2
DA:20,0
DA:23,2
LF:8
LH:7
BRF:0
BRH:0
end_of_record
TN:
SF:server/src/functions/updatePublished.ts
FN:17,updatePublished
FNF:1
FNH:1
FNDA:8,updatePublished
DA:2,2
DA:3,2
DA:4,2
DA:6,2
DA:18,8
DA:19,8
DA:20,8
DA:22,8
DA:24,8
DA:30,8
DA:31,0
DA:32,0
DA:35,8
DA:36,8
DA:39,8
DA:44,8
DA:45,8
DA:46,8
DA:55,0
DA:59,2
LF:20
LH:17
BRDA:30,0,0,0
BRDA:44,1,0,8
BRDA:44,1,1,0
BRF:3
BRH:1
end_of_record
TN:
SF:server/src/functions/updateSubscription.ts
FN:16,updateSubscription
FNF:1
FNH:1
FNDA:9,updateSubscription
DA:2,2
DA:3,2
DA:5,2
DA:20,9
DA:21,9
DA:22,9
DA:24,9
DA:26,9
DA:33,9
DA:34,9
DA:35,0
DA:37,9
DA:39,0
DA:43,2
LF:14
LH:12
BRDA:34,0,0,0
BRF:1
BRH:0
end_of_record
TN:
SF:test/utils.ts
FN:23,assembleTestArgumentObject
FN:42,setupDB
FNF:2
FNH:2
FNDA:68,assembleTestArgumentObject
FNDA:51,setupDB
DA:8,10
DA:9,10
DA:29,68
DA:43,51
DA:44,51
DA:47,10
LF:6
LH:6
BRF:0
BRH:0
end_of_record
TN:
SF:types/queries.ts
FN:12,(anonymous_0)
FN:25,(anonymous_1)
FN:35,(anonymous_2)
FN:46,(anonymous_3)
FN:58,(anonymous_4)
FN:70,(anonymous_5)
FN:79,(anonymous_6)
FN:90,(anonymous_7)
FN:103,(anonymous_8)
FN:116,(anonymous_9)
FN:134,(anonymous_10)
FN:143,(anonymous_11)
FN:161,(anonymous_12)
FN:181,(anonymous_13)
FN:197,(anonymous_14)
FN:203,(anonymous_15)
FN:209,(anonymous_16)
FNF:17
FNH:17
FNDA:2,(anonymous_0)
FNDA:13,(anonymous_1)
FNDA:2,(anonymous_2)
FNDA:2,(anonymous_3)
FNDA:3,(anonymous_4)
FNDA:2,(anonymous_5)
FNDA:5,(anonymous_6)
FNDA:10,(anonymous_7)
FNDA:14,(anonymous_8)
FNDA:24,(anonymous_9)
FNDA:1,(anonymous_10)
FNDA:8,(anonymous_11)
FNDA:9,(anonymous_12)
FNDA:17,(anonymous_13)
FNDA:13,(anonymous_14)
FNDA:4,(anonymous_15)
FNDA:51,(anonymous_16)
DA:6,10
DA:13,2
DA:26,13
DA:36,2
DA:47,2
DA:59,3
DA:71,2
DA:80,5
DA:95,10
DA:108,14
DA:122,24
DA:135,1
DA:148,8
DA:167,9
DA:188,17
DA:198,13
DA:204,4
DA:210,51
LF:18
LH:18
BRDA:186,0,0,8
BRF:1
BRH:1
end_of_record
